{"D:\\Projects and labs\\img-editor-cw\\ai-image-editor\\web\\vue-spa\\src\\components\\EffectText.vue": {"path":"D:\\Projects and labs\\img-editor-cw\\ai-image-editor\\web\\vue-spa\\src\\components\\EffectText.vue","statementMap":{"0":{"start":{"line":9,"column":0},"end":{"line":9,"column":null}},"1":{"start":{"line":16,"column":0},"end":{"line":16,"column":null}}},"fnMap":{"0":{"name":"(anonymous_1)","decl":{"start":{"line":15,"column":0},"end":{"line":15,"column":null}},"loc":{"start":{"line":15,"column":0},"end":{"line":19,"column":null}}}},"branchMap":{},"s":{"0":1,"1":1},"f":{"0":1},"b":{}}
,"D:\\Projects and labs\\img-editor-cw\\ai-image-editor\\web\\vue-spa\\src\\components\\FilterItem.vue": {"path":"D:\\Projects and labs\\img-editor-cw\\ai-image-editor\\web\\vue-spa\\src\\components\\FilterItem.vue","statementMap":{"0":{"start":{"line":13,"column":0},"end":{"line":13,"column":null}},"1":{"start":{"line":14,"column":0},"end":{"line":14,"column":null}},"2":{"start":{"line":19,"column":0},"end":{"line":19,"column":null}},"3":{"start":{"line":30,"column":0},"end":{"line":43,"column":null}},"4":{"start":{"line":33,"column":0},"end":{"line":33,"column":null}},"5":{"start":{"line":34,"column":0},"end":{"line":34,"column":null}},"6":{"start":{"line":35,"column":0},"end":{"line":35,"column":null}},"7":{"start":{"line":36,"column":0},"end":{"line":36,"column":null}},"8":{"start":{"line":37,"column":0},"end":{"line":37,"column":null}},"9":{"start":{"line":38,"column":0},"end":{"line":38,"column":null}},"10":{"start":{"line":41,"column":0},"end":{"line":41,"column":null}},"11":{"start":{"line":42,"column":0},"end":{"line":42,"column":null}},"12":{"start":{"line":47,"column":0},"end":{"line":47,"column":null}},"13":{"start":{"line":48,"column":0},"end":{"line":48,"column":null}},"14":{"start":{"line":49,"column":0},"end":{"line":49,"column":null}},"15":{"start":{"line":50,"column":0},"end":{"line":50,"column":null}},"16":{"start":{"line":51,"column":0},"end":{"line":88,"column":null}},"17":{"start":{"line":54,"column":0},"end":{"line":54,"column":null}},"18":{"start":{"line":55,"column":0},"end":{"line":55,"column":null}},"19":{"start":{"line":57,"column":0},"end":{"line":81,"column":null}},"20":{"start":{"line":62,"column":0},"end":{"line":62,"column":null}},"21":{"start":{"line":63,"column":0},"end":{"line":63,"column":null}},"22":{"start":{"line":65,"column":0},"end":{"line":65,"column":null}},"23":{"start":{"line":66,"column":0},"end":{"line":69,"column":null}},"24":{"start":{"line":67,"column":0},"end":{"line":67,"column":null}},"25":{"start":{"line":68,"column":0},"end":{"line":68,"column":null}},"26":{"start":{"line":70,"column":0},"end":{"line":72,"column":null}},"27":{"start":{"line":71,"column":0},"end":{"line":71,"column":null}},"28":{"start":{"line":73,"column":0},"end":{"line":73,"column":null}},"29":{"start":{"line":74,"column":0},"end":{"line":74,"column":null}},"30":{"start":{"line":75,"column":0},"end":{"line":75,"column":null}},"31":{"start":{"line":78,"column":0},"end":{"line":78,"column":null}},"32":{"start":{"line":79,"column":0},"end":{"line":79,"column":null}},"33":{"start":{"line":80,"column":0},"end":{"line":80,"column":null}},"34":{"start":{"line":85,"column":0},"end":{"line":85,"column":null}},"35":{"start":{"line":86,"column":0},"end":{"line":86,"column":null}},"36":{"start":{"line":87,"column":0},"end":{"line":87,"column":null}},"37":{"start":{"line":91,"column":0},"end":{"line":91,"column":null}},"38":{"start":{"line":92,"column":0},"end":{"line":92,"column":null}},"39":{"start":{"line":99,"column":0},"end":{"line":99,"column":null}},"40":{"start":{"line":105,"column":0},"end":{"line":105,"column":null}}},"fnMap":{"0":{"name":"(anonymous_1)","decl":{"start":{"line":19,"column":0},"end":{"line":19,"column":null}},"loc":{"start":{"line":19,"column":0},"end":{"line":19,"column":null}}},"1":{"name":"(anonymous_2)","decl":{"start":{"line":28,"column":0},"end":{"line":28,"column":null}},"loc":{"start":{"line":28,"column":0},"end":{"line":44,"column":null}}},"2":{"name":"(anonymous_3)","decl":{"start":{"line":30,"column":0},"end":{"line":30,"column":null}},"loc":{"start":{"line":30,"column":0},"end":{"line":39,"column":null}}},"3":{"name":"(anonymous_4)","decl":{"start":{"line":39,"column":0},"end":{"line":39,"column":null}},"loc":{"start":{"line":39,"column":0},"end":{"line":43,"column":null}}},"4":{"name":"(anonymous_5)","decl":{"start":{"line":46,"column":0},"end":{"line":46,"column":null}},"loc":{"start":{"line":46,"column":0},"end":{"line":89,"column":null}}},"5":{"name":"(anonymous_6)","decl":{"start":{"line":51,"column":0},"end":{"line":51,"column":null}},"loc":{"start":{"line":51,"column":0},"end":{"line":82,"column":null}}},"6":{"name":"(anonymous_7)","decl":{"start":{"line":57,"column":0},"end":{"line":57,"column":null}},"loc":{"start":{"line":57,"column":0},"end":{"line":76,"column":null}}},"7":{"name":"(anonymous_8)","decl":{"start":{"line":66,"column":0},"end":{"line":66,"column":null}},"loc":{"start":{"line":66,"column":0},"end":{"line":69,"column":null}}},"8":{"name":"(anonymous_9)","decl":{"start":{"line":76,"column":0},"end":{"line":76,"column":null}},"loc":{"start":{"line":76,"column":0},"end":{"line":81,"column":null}}},"9":{"name":"(anonymous_11)","decl":{"start":{"line":90,"column":0},"end":{"line":90,"column":null}},"loc":{"start":{"line":90,"column":0},"end":{"line":94,"column":null}}},"10":{"name":"(anonymous_12)","decl":{"start":{"line":98,"column":0},"end":{"line":98,"column":null}},"loc":{"start":{"line":98,"column":0},"end":{"line":103,"column":null}}},"11":{"name":"(anonymous_13)","decl":{"start":{"line":104,"column":0},"end":{"line":104,"column":null}},"loc":{"start":{"line":104,"column":0},"end":{"line":106,"column":null}}}},"branchMap":{"0":{"loc":{"start":{"line":70,"column":0},"end":{"line":72,"column":null}},"type":"if","locations":[{"start":{"line":70,"column":0},"end":{"line":72,"column":null}},{"start":{"line":70,"column":0},"end":{"line":72,"column":null}}]}},"s":{"0":1,"1":1,"2":0,"3":0,"4":0,"5":0,"6":0,"7":0,"8":0,"9":0,"10":0,"11":0,"12":0,"13":0,"14":0,"15":0,"16":0,"17":0,"18":0,"19":0,"20":0,"21":0,"22":0,"23":0,"24":0,"25":0,"26":0,"27":0,"28":0,"29":0,"30":0,"31":0,"32":0,"33":0,"34":0,"35":0,"36":0,"37":0,"38":0,"39":0,"40":0},"f":{"0":0,"1":0,"2":0,"3":0,"4":0,"5":0,"6":0,"7":0,"8":0,"9":0,"10":0,"11":0},"b":{"0":[0,0]}}
,"D:\\Projects and labs\\img-editor-cw\\ai-image-editor\\web\\vue-spa\\src\\components\\FiltersList.vue": {"path":"D:\\Projects and labs\\img-editor-cw\\ai-image-editor\\web\\vue-spa\\src\\components\\FiltersList.vue","statementMap":{"0":{"start":{"line":21,"column":0},"end":{"line":21,"column":null}},"1":{"start":{"line":27,"column":0},"end":{"line":27,"column":null}},"2":{"start":{"line":32,"column":0},"end":{"line":32,"column":null}}},"fnMap":{"0":{"name":"(anonymous_1)","decl":{"start":{"line":27,"column":0},"end":{"line":27,"column":null}},"loc":{"start":{"line":27,"column":0},"end":{"line":27,"column":null}}},"1":{"name":"(anonymous_2)","decl":{"start":{"line":31,"column":0},"end":{"line":31,"column":null}},"loc":{"start":{"line":31,"column":0},"end":{"line":33,"column":null}}}},"branchMap":{},"s":{"0":1,"1":0,"2":0},"f":{"0":0,"1":0},"b":{}}
,"D:\\Projects and labs\\img-editor-cw\\ai-image-editor\\web\\vue-spa\\src\\components\\Footer.vue": {"path":"D:\\Projects and labs\\img-editor-cw\\ai-image-editor\\web\\vue-spa\\src\\components\\Footer.vue","statementMap":{"0":{"start":{"line":34,"column":0},"end":{"line":34,"column":null}},"1":{"start":{"line":35,"column":0},"end":{"line":35,"column":null}},"2":{"start":{"line":36,"column":0},"end":{"line":36,"column":null}},"3":{"start":{"line":43,"column":0},"end":{"line":43,"column":null}},"4":{"start":{"line":54,"column":0},"end":{"line":54,"column":null}},"5":{"start":{"line":55,"column":0},"end":{"line":55,"column":null}},"6":{"start":{"line":56,"column":0},"end":{"line":56,"column":null}},"7":{"start":{"line":59,"column":0},"end":{"line":59,"column":null}},"8":{"start":{"line":60,"column":0},"end":{"line":60,"column":null}},"9":{"start":{"line":61,"column":0},"end":{"line":61,"column":null}},"10":{"start":{"line":62,"column":0},"end":{"line":67,"column":null}},"11":{"start":{"line":63,"column":0},"end":{"line":63,"column":null}},"12":{"start":{"line":65,"column":0},"end":{"line":65,"column":null}},"13":{"start":{"line":66,"column":0},"end":{"line":66,"column":null}},"14":{"start":{"line":70,"column":0},"end":{"line":70,"column":null}},"15":{"start":{"line":73,"column":0},"end":{"line":73,"column":null}},"16":{"start":{"line":74,"column":0},"end":{"line":74,"column":null}},"17":{"start":{"line":77,"column":0},"end":{"line":77,"column":null}},"18":{"start":{"line":79,"column":0},"end":{"line":79,"column":null}},"19":{"start":{"line":80,"column":0},"end":{"line":84,"column":null}},"20":{"start":{"line":81,"column":0},"end":{"line":81,"column":null}},"21":{"start":{"line":82,"column":0},"end":{"line":82,"column":null}},"22":{"start":{"line":83,"column":0},"end":{"line":83,"column":null}},"23":{"start":{"line":85,"column":0},"end":{"line":87,"column":null}},"24":{"start":{"line":86,"column":0},"end":{"line":86,"column":null}},"25":{"start":{"line":88,"column":0},"end":{"line":101,"column":null}},"26":{"start":{"line":91,"column":0},"end":{"line":91,"column":null}},"27":{"start":{"line":95,"column":0},"end":{"line":95,"column":null}},"28":{"start":{"line":96,"column":0},"end":{"line":96,"column":null}},"29":{"start":{"line":98,"column":0},"end":{"line":98,"column":null}},"30":{"start":{"line":100,"column":0},"end":{"line":100,"column":null}},"31":{"start":{"line":104,"column":0},"end":{"line":112,"column":null}},"32":{"start":{"line":107,"column":0},"end":{"line":107,"column":null}},"33":{"start":{"line":111,"column":0},"end":{"line":111,"column":null}},"34":{"start":{"line":115,"column":0},"end":{"line":115,"column":null}},"35":{"start":{"line":116,"column":0},"end":{"line":116,"column":null}},"36":{"start":{"line":117,"column":0},"end":{"line":145,"column":null}},"37":{"start":{"line":120,"column":0},"end":{"line":139,"column":null}},"38":{"start":{"line":124,"column":0},"end":{"line":124,"column":null}},"39":{"start":{"line":125,"column":0},"end":{"line":125,"column":null}},"40":{"start":{"line":126,"column":0},"end":{"line":126,"column":null}},"41":{"start":{"line":127,"column":0},"end":{"line":127,"column":null}},"42":{"start":{"line":128,"column":0},"end":{"line":128,"column":null}},"43":{"start":{"line":129,"column":0},"end":{"line":129,"column":null}},"44":{"start":{"line":130,"column":0},"end":{"line":130,"column":null}},"45":{"start":{"line":131,"column":0},"end":{"line":131,"column":null}},"46":{"start":{"line":132,"column":0},"end":{"line":132,"column":null}},"47":{"start":{"line":133,"column":0},"end":{"line":133,"column":null}},"48":{"start":{"line":135,"column":0},"end":{"line":135,"column":null}},"49":{"start":{"line":137,"column":0},"end":{"line":137,"column":null}},"50":{"start":{"line":143,"column":0},"end":{"line":143,"column":null}},"51":{"start":{"line":144,"column":0},"end":{"line":144,"column":null}},"52":{"start":{"line":152,"column":0},"end":{"line":152,"column":null}},"53":{"start":{"line":155,"column":0},"end":{"line":155,"column":null}},"54":{"start":{"line":157,"column":0},"end":{"line":157,"column":null}},"55":{"start":{"line":158,"column":0},"end":{"line":158,"column":null}},"56":{"start":{"line":159,"column":0},"end":{"line":159,"column":null}}},"fnMap":{"0":{"name":"(anonymous_1)","decl":{"start":{"line":43,"column":0},"end":{"line":43,"column":null}},"loc":{"start":{"line":43,"column":0},"end":{"line":43,"column":null}}},"1":{"name":"(anonymous_2)","decl":{"start":{"line":53,"column":0},"end":{"line":53,"column":null}},"loc":{"start":{"line":53,"column":0},"end":{"line":57,"column":null}}},"2":{"name":"(anonymous_3)","decl":{"start":{"line":58,"column":0},"end":{"line":58,"column":null}},"loc":{"start":{"line":58,"column":0},"end":{"line":68,"column":null}}},"3":{"name":"(anonymous_4)","decl":{"start":{"line":69,"column":0},"end":{"line":69,"column":null}},"loc":{"start":{"line":69,"column":0},"end":{"line":71,"column":null}}},"4":{"name":"(anonymous_5)","decl":{"start":{"line":72,"column":0},"end":{"line":72,"column":null}},"loc":{"start":{"line":72,"column":0},"end":{"line":75,"column":null}}},"5":{"name":"(anonymous_6)","decl":{"start":{"line":76,"column":0},"end":{"line":76,"column":null}},"loc":{"start":{"line":76,"column":0},"end":{"line":102,"column":null}}},"6":{"name":"(anonymous_7)","decl":{"start":{"line":80,"column":0},"end":{"line":80,"column":null}},"loc":{"start":{"line":80,"column":0},"end":{"line":84,"column":null}}},"7":{"name":"(anonymous_8)","decl":{"start":{"line":88,"column":0},"end":{"line":88,"column":null}},"loc":{"start":{"line":88,"column":0},"end":{"line":92,"column":null}}},"8":{"name":"(anonymous_10)","decl":{"start":{"line":103,"column":0},"end":{"line":103,"column":null}},"loc":{"start":{"line":103,"column":0},"end":{"line":113,"column":null}}},"9":{"name":"(anonymous_11)","decl":{"start":{"line":104,"column":0},"end":{"line":104,"column":null}},"loc":{"start":{"line":104,"column":0},"end":{"line":108,"column":null}}},"10":{"name":"(anonymous_13)","decl":{"start":{"line":114,"column":0},"end":{"line":114,"column":null}},"loc":{"start":{"line":114,"column":0},"end":{"line":146,"column":null}}},"11":{"name":"(anonymous_14)","decl":{"start":{"line":117,"column":0},"end":{"line":117,"column":null}},"loc":{"start":{"line":117,"column":0},"end":{"line":140,"column":null}}},"12":{"name":"(anonymous_16)","decl":{"start":{"line":151,"column":0},"end":{"line":151,"column":null}},"loc":{"start":{"line":151,"column":0},"end":{"line":153,"column":null}}},"13":{"name":"(anonymous_17)","decl":{"start":{"line":154,"column":0},"end":{"line":154,"column":null}},"loc":{"start":{"line":154,"column":0},"end":{"line":162,"column":null}}}},"branchMap":{"0":{"loc":{"start":{"line":62,"column":0},"end":{"line":67,"column":null}},"type":"if","locations":[{"start":{"line":62,"column":0},"end":{"line":67,"column":null}},{"start":{"line":62,"column":0},"end":{"line":67,"column":null}}]},"1":{"loc":{"start":{"line":62,"column":0},"end":{"line":62,"column":null}},"type":"binary-expr","locations":[{"start":{"line":62,"column":0},"end":{"line":62,"column":null}},{"start":{"line":62,"column":0},"end":{"line":62,"column":null}},{"start":{"line":62,"column":0},"end":{"line":62,"column":null}},{"start":{"line":62,"column":0},"end":{"line":62,"column":null}}]},"2":{"loc":{"start":{"line":85,"column":0},"end":{"line":87,"column":null}},"type":"if","locations":[{"start":{"line":85,"column":0},"end":{"line":87,"column":null}},{"start":{"line":85,"column":0},"end":{"line":87,"column":null}}]},"3":{"loc":{"start":{"line":120,"column":0},"end":{"line":139,"column":null}},"type":"if","locations":[{"start":{"line":120,"column":0},"end":{"line":139,"column":null}},{"start":{"line":120,"column":0},"end":{"line":139,"column":null}}]},"4":{"loc":{"start":{"line":120,"column":0},"end":{"line":120,"column":null}},"type":"binary-expr","locations":[{"start":{"line":120,"column":0},"end":{"line":120,"column":null}},{"start":{"line":120,"column":0},"end":{"line":120,"column":null}},{"start":{"line":120,"column":0},"end":{"line":120,"column":null}},{"start":{"line":120,"column":0},"end":{"line":120,"column":null}},{"start":{"line":120,"column":0},"end":{"line":120,"column":null}},{"start":{"line":120,"column":0},"end":{"line":120,"column":null}},{"start":{"line":120,"column":0},"end":{"line":120,"column":null}}]}},"s":{"0":1,"1":1,"2":1,"3":3,"4":0,"5":0,"6":0,"7":0,"8":0,"9":0,"10":0,"11":0,"12":0,"13":0,"14":0,"15":0,"16":0,"17":1,"18":1,"19":1,"20":0,"21":0,"22":0,"23":1,"24":1,"25":1,"26":1,"27":1,"28":1,"29":1,"30":1,"31":0,"32":0,"33":0,"34":3,"35":3,"36":3,"37":2,"38":0,"39":0,"40":0,"41":0,"42":0,"43":0,"44":0,"45":0,"46":0,"47":0,"48":2,"49":2,"50":0,"51":0,"52":3,"53":0,"54":0,"55":0,"56":0},"f":{"0":3,"1":0,"2":0,"3":0,"4":0,"5":1,"6":0,"7":2,"8":0,"9":0,"10":3,"11":2,"12":3,"13":0},"b":{"0":[0,0],"1":[0,0,0,0],"2":[1,0],"3":[0,2],"4":[2,2,0,0,2,2,0]}}
,"D:\\Projects and labs\\img-editor-cw\\ai-image-editor\\web\\vue-spa\\src\\store\\index.js": {"path":"D:\\Projects and labs\\img-editor-cw\\ai-image-editor\\web\\vue-spa\\src\\store\\index.js","statementMap":{"0":{"start":{"line":4,"column":0},"end":{"line":4,"column":13}},"1":{"start":{"line":24,"column":27},"end":{"line":24,"column":53}},"2":{"start":{"line":25,"column":27},"end":{"line":25,"column":53}},"3":{"start":{"line":26,"column":25},"end":{"line":26,"column":49}},"4":{"start":{"line":27,"column":29},"end":{"line":27,"column":52}},"5":{"start":{"line":28,"column":27},"end":{"line":28,"column":55}},"6":{"start":{"line":29,"column":29},"end":{"line":29,"column":56}},"7":{"start":{"line":30,"column":26},"end":{"line":30,"column":47}},"8":{"start":{"line":31,"column":30},"end":{"line":31,"column":54}},"9":{"start":{"line":32,"column":37},"end":{"line":32,"column":58}},"10":{"start":{"line":33,"column":38},"end":{"line":33,"column":60}},"11":{"start":{"line":34,"column":27},"end":{"line":34,"column":52}},"12":{"start":{"line":35,"column":28},"end":{"line":35,"column":50}},"13":{"start":{"line":36,"column":27},"end":{"line":36,"column":49}},"14":{"start":{"line":40,"column":6},"end":{"line":40,"column":34}},"15":{"start":{"line":43,"column":6},"end":{"line":43,"column":30}},"16":{"start":{"line":46,"column":6},"end":{"line":46,"column":36}},"17":{"start":{"line":49,"column":6},"end":{"line":49,"column":40}},"18":{"start":{"line":52,"column":6},"end":{"line":52,"column":29}},"19":{"start":{"line":55,"column":6},"end":{"line":55,"column":28}},"20":{"start":{"line":58,"column":6},"end":{"line":58,"column":28}},"21":{"start":{"line":61,"column":6},"end":{"line":61,"column":30}},"22":{"start":{"line":64,"column":6},"end":{"line":64,"column":33}},"23":{"start":{"line":65,"column":6},"end":{"line":65,"column":41}},"24":{"start":{"line":68,"column":6},"end":{"line":68,"column":34}},"25":{"start":{"line":71,"column":6},"end":{"line":71,"column":27}},"26":{"start":{"line":74,"column":6},"end":{"line":74,"column":26}},"27":{"start":{"line":77,"column":6},"end":{"line":77,"column":28}},"28":{"start":{"line":82,"column":24},"end":{"line":82,"column":30}},"29":{"start":{"line":83,"column":6},"end":{"line":83,"column":37}},"30":{"start":{"line":86,"column":21},"end":{"line":86,"column":25}},"31":{"start":{"line":87,"column":6},"end":{"line":87,"column":39}},"32":{"start":{"line":90,"column":22},"end":{"line":90,"column":26}},"33":{"start":{"line":91,"column":6},"end":{"line":91,"column":41}},"34":{"start":{"line":94,"column":24},"end":{"line":94,"column":30}},"35":{"start":{"line":95,"column":6},"end":{"line":95,"column":40}},"36":{"start":{"line":98,"column":24},"end":{"line":98,"column":35}},"37":{"start":{"line":99,"column":6},"end":{"line":99,"column":46}},"38":{"start":{"line":102,"column":22},"end":{"line":102,"column":25}},"39":{"start":{"line":103,"column":6},"end":{"line":103,"column":45}},"40":{"start":{"line":106,"column":22},"end":{"line":106,"column":25}},"41":{"start":{"line":107,"column":6},"end":{"line":107,"column":44}},"42":{"start":{"line":110,"column":23},"end":{"line":110,"column":28}},"43":{"start":{"line":111,"column":6},"end":{"line":111,"column":42}},"44":{"start":{"line":114,"column":24},"end":{"line":114,"column":30}},"45":{"start":{"line":115,"column":6},"end":{"line":115,"column":44}},"46":{"start":{"line":118,"column":21},"end":{"line":118,"column":24}},"47":{"start":{"line":119,"column":6},"end":{"line":119,"column":41}},"48":{"start":{"line":122,"column":21},"end":{"line":122,"column":24}},"49":{"start":{"line":123,"column":6},"end":{"line":123,"column":41}},"50":{"start":{"line":126,"column":20},"end":{"line":126,"column":22}},"51":{"start":{"line":127,"column":6},"end":{"line":127,"column":41}},"52":{"start":{"line":130,"column":17},"end":{"line":130,"column":21}},"53":{"start":{"line":131,"column":6},"end":{"line":131,"column":31}}},"fnMap":{"0":{"name":"(anonymous_0)","decl":{"start":{"line":24,"column":16},"end":{"line":24,"column":17}},"loc":{"start":{"line":24,"column":25},"end":{"line":24,"column":55}},"line":24},"1":{"name":"(anonymous_1)","decl":{"start":{"line":25,"column":16},"end":{"line":25,"column":17}},"loc":{"start":{"line":25,"column":25},"end":{"line":25,"column":55}},"line":25},"2":{"name":"(anonymous_2)","decl":{"start":{"line":26,"column":14},"end":{"line":26,"column":15}},"loc":{"start":{"line":26,"column":23},"end":{"line":26,"column":51}},"line":26},"3":{"name":"(anonymous_3)","decl":{"start":{"line":27,"column":18},"end":{"line":27,"column":19}},"loc":{"start":{"line":27,"column":27},"end":{"line":27,"column":54}},"line":27},"4":{"name":"(anonymous_4)","decl":{"start":{"line":28,"column":16},"end":{"line":28,"column":17}},"loc":{"start":{"line":28,"column":25},"end":{"line":28,"column":57}},"line":28},"5":{"name":"(anonymous_5)","decl":{"start":{"line":29,"column":18},"end":{"line":29,"column":19}},"loc":{"start":{"line":29,"column":27},"end":{"line":29,"column":58}},"line":29},"6":{"name":"(anonymous_6)","decl":{"start":{"line":30,"column":15},"end":{"line":30,"column":16}},"loc":{"start":{"line":30,"column":24},"end":{"line":30,"column":49}},"line":30},"7":{"name":"(anonymous_7)","decl":{"start":{"line":31,"column":19},"end":{"line":31,"column":20}},"loc":{"start":{"line":31,"column":28},"end":{"line":31,"column":56}},"line":31},"8":{"name":"(anonymous_8)","decl":{"start":{"line":32,"column":26},"end":{"line":32,"column":27}},"loc":{"start":{"line":32,"column":35},"end":{"line":32,"column":60}},"line":32},"9":{"name":"(anonymous_9)","decl":{"start":{"line":33,"column":27},"end":{"line":33,"column":28}},"loc":{"start":{"line":33,"column":36},"end":{"line":33,"column":62}},"line":33},"10":{"name":"(anonymous_10)","decl":{"start":{"line":34,"column":16},"end":{"line":34,"column":17}},"loc":{"start":{"line":34,"column":25},"end":{"line":34,"column":54}},"line":34},"11":{"name":"(anonymous_11)","decl":{"start":{"line":35,"column":17},"end":{"line":35,"column":18}},"loc":{"start":{"line":35,"column":26},"end":{"line":35,"column":52}},"line":35},"12":{"name":"(anonymous_12)","decl":{"start":{"line":36,"column":16},"end":{"line":36,"column":17}},"loc":{"start":{"line":36,"column":25},"end":{"line":36,"column":51}},"line":36},"13":{"name":"(anonymous_13)","decl":{"start":{"line":39,"column":4},"end":{"line":39,"column":5}},"loc":{"start":{"line":39,"column":31},"end":{"line":41,"column":5}},"line":39},"14":{"name":"(anonymous_14)","decl":{"start":{"line":42,"column":4},"end":{"line":42,"column":5}},"loc":{"start":{"line":42,"column":34},"end":{"line":44,"column":5}},"line":42},"15":{"name":"(anonymous_15)","decl":{"start":{"line":45,"column":4},"end":{"line":45,"column":5}},"loc":{"start":{"line":45,"column":34},"end":{"line":47,"column":5}},"line":45},"16":{"name":"(anonymous_16)","decl":{"start":{"line":48,"column":4},"end":{"line":48,"column":5}},"loc":{"start":{"line":48,"column":45},"end":{"line":50,"column":5}},"line":48},"17":{"name":"(anonymous_17)","decl":{"start":{"line":51,"column":4},"end":{"line":51,"column":5}},"loc":{"start":{"line":51,"column":38},"end":{"line":53,"column":5}},"line":51},"18":{"name":"(anonymous_18)","decl":{"start":{"line":54,"column":4},"end":{"line":54,"column":5}},"loc":{"start":{"line":54,"column":37},"end":{"line":56,"column":5}},"line":54},"19":{"name":"(anonymous_19)","decl":{"start":{"line":57,"column":4},"end":{"line":57,"column":5}},"loc":{"start":{"line":57,"column":36},"end":{"line":59,"column":5}},"line":57},"20":{"name":"(anonymous_20)","decl":{"start":{"line":60,"column":4},"end":{"line":60,"column":5}},"loc":{"start":{"line":60,"column":38},"end":{"line":62,"column":5}},"line":60},"21":{"name":"(anonymous_21)","decl":{"start":{"line":63,"column":4},"end":{"line":63,"column":5}},"loc":{"start":{"line":63,"column":38},"end":{"line":66,"column":5}},"line":63},"22":{"name":"(anonymous_22)","decl":{"start":{"line":67,"column":4},"end":{"line":67,"column":5}},"loc":{"start":{"line":67,"column":38},"end":{"line":69,"column":5}},"line":67},"23":{"name":"(anonymous_23)","decl":{"start":{"line":70,"column":4},"end":{"line":70,"column":5}},"loc":{"start":{"line":70,"column":35},"end":{"line":72,"column":5}},"line":70},"24":{"name":"(anonymous_24)","decl":{"start":{"line":73,"column":4},"end":{"line":73,"column":5}},"loc":{"start":{"line":73,"column":35},"end":{"line":75,"column":5}},"line":73},"25":{"name":"(anonymous_25)","decl":{"start":{"line":76,"column":4},"end":{"line":76,"column":5}},"loc":{"start":{"line":76,"column":30},"end":{"line":78,"column":5}},"line":76},"26":{"name":"(anonymous_26)","decl":{"start":{"line":81,"column":4},"end":{"line":81,"column":5}},"loc":{"start":{"line":81,"column":38},"end":{"line":84,"column":5}},"line":81},"27":{"name":"(anonymous_27)","decl":{"start":{"line":85,"column":4},"end":{"line":85,"column":5}},"loc":{"start":{"line":85,"column":37},"end":{"line":88,"column":5}},"line":85},"28":{"name":"(anonymous_28)","decl":{"start":{"line":89,"column":4},"end":{"line":89,"column":5}},"loc":{"start":{"line":89,"column":38},"end":{"line":92,"column":5}},"line":89},"29":{"name":"(anonymous_29)","decl":{"start":{"line":93,"column":4},"end":{"line":93,"column":5}},"loc":{"start":{"line":93,"column":38},"end":{"line":96,"column":5}},"line":93},"30":{"name":"(anonymous_30)","decl":{"start":{"line":97,"column":4},"end":{"line":97,"column":5}},"loc":{"start":{"line":97,"column":48},"end":{"line":100,"column":5}},"line":97},"31":{"name":"(anonymous_31)","decl":{"start":{"line":101,"column":4},"end":{"line":101,"column":5}},"loc":{"start":{"line":101,"column":40},"end":{"line":104,"column":5}},"line":101},"32":{"name":"(anonymous_32)","decl":{"start":{"line":105,"column":4},"end":{"line":105,"column":5}},"loc":{"start":{"line":105,"column":39},"end":{"line":108,"column":5}},"line":105},"33":{"name":"(anonymous_33)","decl":{"start":{"line":109,"column":4},"end":{"line":109,"column":5}},"loc":{"start":{"line":109,"column":46},"end":{"line":112,"column":5}},"line":109},"34":{"name":"(anonymous_34)","decl":{"start":{"line":113,"column":4},"end":{"line":113,"column":5}},"loc":{"start":{"line":113,"column":48},"end":{"line":116,"column":5}},"line":113},"35":{"name":"(anonymous_35)","decl":{"start":{"line":117,"column":4},"end":{"line":117,"column":5}},"loc":{"start":{"line":117,"column":41},"end":{"line":120,"column":5}},"line":117},"36":{"name":"(anonymous_36)","decl":{"start":{"line":121,"column":4},"end":{"line":121,"column":5}},"loc":{"start":{"line":121,"column":42},"end":{"line":124,"column":5}},"line":121},"37":{"name":"(anonymous_37)","decl":{"start":{"line":125,"column":4},"end":{"line":125,"column":5}},"loc":{"start":{"line":125,"column":37},"end":{"line":128,"column":5}},"line":125},"38":{"name":"(anonymous_38)","decl":{"start":{"line":129,"column":4},"end":{"line":129,"column":5}},"loc":{"start":{"line":129,"column":37},"end":{"line":132,"column":5}},"line":129}},"branchMap":{},"s":{"0":1,"1":1,"2":0,"3":0,"4":0,"5":0,"6":0,"7":0,"8":0,"9":0,"10":0,"11":0,"12":0,"13":1,"14":0,"15":0,"16":0,"17":0,"18":0,"19":0,"20":0,"21":0,"22":0,"23":0,"24":0,"25":0,"26":0,"27":0,"28":0,"29":0,"30":0,"31":0,"32":0,"33":0,"34":0,"35":0,"36":0,"37":0,"38":0,"39":0,"40":0,"41":0,"42":0,"43":0,"44":0,"45":0,"46":0,"47":0,"48":0,"49":0,"50":0,"51":0,"52":0,"53":0},"f":{"0":1,"1":0,"2":0,"3":0,"4":0,"5":0,"6":0,"7":0,"8":0,"9":0,"10":0,"11":0,"12":1,"13":0,"14":0,"15":0,"16":0,"17":0,"18":0,"19":0,"20":0,"21":0,"22":0,"23":0,"24":0,"25":0,"26":0,"27":0,"28":0,"29":0,"30":0,"31":0,"32":0,"33":0,"34":0,"35":0,"36":0,"37":0,"38":0},"b":{},"_coverageSchema":"43e27e138ebf9cfc5966b082cf9a028302ed4184","hash":"9cb5f6a8b634732f00bd463620d6d79c832b64e7"}
}
