{"D:\\Projects and labs\\img-editor-cw\\ai-image-editor\\web\\vue-spa\\src\\App.vue": {"path":"D:\\Projects and labs\\img-editor-cw\\ai-image-editor\\web\\vue-spa\\src\\App.vue","statementMap":{"0":{"start":{"line":35,"column":0},"end":{"line":35,"column":null}},"1":{"start":{"line":36,"column":0},"end":{"line":36,"column":null}},"2":{"start":{"line":37,"column":0},"end":{"line":37,"column":null}},"3":{"start":{"line":38,"column":0},"end":{"line":38,"column":null}},"4":{"start":{"line":39,"column":0},"end":{"line":39,"column":null}},"5":{"start":{"line":40,"column":0},"end":{"line":40,"column":null}},"6":{"start":{"line":41,"column":0},"end":{"line":41,"column":null}},"7":{"start":{"line":42,"column":0},"end":{"line":42,"column":null}},"8":{"start":{"line":43,"column":0},"end":{"line":43,"column":null}},"9":{"start":{"line":56,"column":0},"end":{"line":56,"column":null}},"10":{"start":{"line":67,"column":0},"end":{"line":67,"column":null}},"11":{"start":{"line":70,"column":0},"end":{"line":70,"column":null}},"12":{"start":{"line":73,"column":0},"end":{"line":73,"column":null}},"13":{"start":{"line":74,"column":0},"end":{"line":74,"column":null}},"14":{"start":{"line":75,"column":0},"end":{"line":75,"column":null}},"15":{"start":{"line":78,"column":0},"end":{"line":78,"column":null}},"16":{"start":{"line":81,"column":0},"end":{"line":81,"column":null}},"17":{"start":{"line":84,"column":0},"end":{"line":119,"column":null}},"18":{"start":{"line":85,"column":0},"end":{"line":85,"column":null}},"19":{"start":{"line":86,"column":0},"end":{"line":96,"column":null}},"20":{"start":{"line":91,"column":0},"end":{"line":91,"column":null}},"21":{"start":{"line":92,"column":0},"end":{"line":92,"column":null}},"22":{"start":{"line":95,"column":0},"end":{"line":95,"column":null}},"23":{"start":{"line":97,"column":0},"end":{"line":97,"column":null}},"24":{"start":{"line":98,"column":0},"end":{"line":98,"column":null}},"25":{"start":{"line":99,"column":0},"end":{"line":115,"column":null}},"26":{"start":{"line":102,"column":0},"end":{"line":102,"column":null}},"27":{"start":{"line":103,"column":0},"end":{"line":103,"column":null}},"28":{"start":{"line":104,"column":0},"end":{"line":106,"column":null}},"29":{"start":{"line":105,"column":0},"end":{"line":105,"column":null}},"30":{"start":{"line":107,"column":0},"end":{"line":107,"column":null}},"31":{"start":{"line":108,"column":0},"end":{"line":108,"column":null}},"32":{"start":{"line":112,"column":0},"end":{"line":112,"column":null}},"33":{"start":{"line":113,"column":0},"end":{"line":113,"column":null}},"34":{"start":{"line":114,"column":0},"end":{"line":114,"column":null}},"35":{"start":{"line":116,"column":0},"end":{"line":116,"column":null}},"36":{"start":{"line":120,"column":0},"end":{"line":161,"column":null}},"37":{"start":{"line":121,"column":0},"end":{"line":157,"column":null}},"38":{"start":{"line":122,"column":0},"end":{"line":122,"column":null}},"39":{"start":{"line":123,"column":0},"end":{"line":123,"column":null}},"40":{"start":{"line":124,"column":0},"end":{"line":124,"column":null}},"41":{"start":{"line":127,"column":0},"end":{"line":156,"column":null}},"42":{"start":{"line":130,"column":0},"end":{"line":130,"column":null}},"43":{"start":{"line":131,"column":0},"end":{"line":148,"column":null}},"44":{"start":{"line":136,"column":0},"end":{"line":136,"column":null}},"45":{"start":{"line":137,"column":0},"end":{"line":137,"column":null}},"46":{"start":{"line":138,"column":0},"end":{"line":138,"column":null}},"47":{"start":{"line":139,"column":0},"end":{"line":142,"column":null}},"48":{"start":{"line":140,"column":0},"end":{"line":140,"column":null}},"49":{"start":{"line":141,"column":0},"end":{"line":141,"column":null}},"50":{"start":{"line":143,"column":0},"end":{"line":145,"column":null}},"51":{"start":{"line":144,"column":0},"end":{"line":144,"column":null}},"52":{"start":{"line":146,"column":0},"end":{"line":146,"column":null}},"53":{"start":{"line":152,"column":0},"end":{"line":152,"column":null}},"54":{"start":{"line":153,"column":0},"end":{"line":153,"column":null}},"55":{"start":{"line":154,"column":0},"end":{"line":154,"column":null}},"56":{"start":{"line":155,"column":0},"end":{"line":155,"column":null}},"57":{"start":{"line":158,"column":0},"end":{"line":158,"column":null}},"58":{"start":{"line":159,"column":0},"end":{"line":159,"column":null}},"59":{"start":{"line":162,"column":0},"end":{"line":168,"column":null}},"60":{"start":{"line":163,"column":0},"end":{"line":163,"column":null}},"61":{"start":{"line":164,"column":0},"end":{"line":164,"column":null}},"62":{"start":{"line":165,"column":0},"end":{"line":165,"column":null}},"63":{"start":{"line":166,"column":0},"end":{"line":166,"column":null}},"64":{"start":{"line":167,"column":0},"end":{"line":167,"column":null}},"65":{"start":{"line":169,"column":0},"end":{"line":225,"column":null}},"66":{"start":{"line":170,"column":0},"end":{"line":224,"column":null}},"67":{"start":{"line":171,"column":0},"end":{"line":171,"column":null}},"68":{"start":{"line":172,"column":0},"end":{"line":172,"column":null}},"69":{"start":{"line":174,"column":0},"end":{"line":174,"column":null}},"70":{"start":{"line":175,"column":0},"end":{"line":175,"column":null}},"71":{"start":{"line":176,"column":0},"end":{"line":176,"column":null}},"72":{"start":{"line":177,"column":0},"end":{"line":224,"column":null}},"73":{"start":{"line":178,"column":0},"end":{"line":178,"column":null}},"74":{"start":{"line":179,"column":0},"end":{"line":179,"column":null}},"75":{"start":{"line":181,"column":0},"end":{"line":222,"column":null}},"76":{"start":{"line":184,"column":0},"end":{"line":184,"column":null}},"77":{"start":{"line":185,"column":0},"end":{"line":214,"column":null}},"78":{"start":{"line":190,"column":0},"end":{"line":190,"column":null}},"79":{"start":{"line":192,"column":0},"end":{"line":192,"column":null}},"80":{"start":{"line":193,"column":0},"end":{"line":204,"column":null}},"81":{"start":{"line":194,"column":0},"end":{"line":194,"column":null}},"82":{"start":{"line":195,"column":0},"end":{"line":195,"column":null}},"83":{"start":{"line":196,"column":0},"end":{"line":196,"column":null}},"84":{"start":{"line":197,"column":0},"end":{"line":197,"column":null}},"85":{"start":{"line":198,"column":0},"end":{"line":198,"column":null}},"86":{"start":{"line":200,"column":0},"end":{"line":200,"column":null}},"87":{"start":{"line":201,"column":0},"end":{"line":201,"column":null}},"88":{"start":{"line":202,"column":0},"end":{"line":202,"column":null}},"89":{"start":{"line":205,"column":0},"end":{"line":207,"column":null}},"90":{"start":{"line":206,"column":0},"end":{"line":206,"column":null}},"91":{"start":{"line":210,"column":0},"end":{"line":210,"column":null}},"92":{"start":{"line":211,"column":0},"end":{"line":211,"column":null}},"93":{"start":{"line":212,"column":0},"end":{"line":212,"column":null}},"94":{"start":{"line":213,"column":0},"end":{"line":213,"column":null}},"95":{"start":{"line":218,"column":0},"end":{"line":218,"column":null}},"96":{"start":{"line":219,"column":0},"end":{"line":219,"column":null}},"97":{"start":{"line":220,"column":0},"end":{"line":220,"column":null}},"98":{"start":{"line":221,"column":0},"end":{"line":221,"column":null}},"99":{"start":{"line":223,"column":0},"end":{"line":223,"column":null}},"100":{"start":{"line":226,"column":0},"end":{"line":233,"column":null}},"101":{"start":{"line":227,"column":0},"end":{"line":227,"column":null}},"102":{"start":{"line":228,"column":0},"end":{"line":228,"column":null}},"103":{"start":{"line":229,"column":0},"end":{"line":229,"column":null}},"104":{"start":{"line":230,"column":0},"end":{"line":230,"column":null}},"105":{"start":{"line":231,"column":0},"end":{"line":231,"column":null}},"106":{"start":{"line":232,"column":0},"end":{"line":232,"column":null}},"107":{"start":{"line":234,"column":0},"end":{"line":236,"column":null}},"108":{"start":{"line":235,"column":0},"end":{"line":235,"column":null}},"109":{"start":{"line":239,"column":0},"end":{"line":251,"column":null}},"110":{"start":{"line":242,"column":0},"end":{"line":242,"column":null}},"111":{"start":{"line":243,"column":0},"end":{"line":243,"column":null}},"112":{"start":{"line":247,"column":0},"end":{"line":247,"column":null}},"113":{"start":{"line":248,"column":0},"end":{"line":248,"column":null}},"114":{"start":{"line":249,"column":0},"end":{"line":249,"column":null}},"115":{"start":{"line":250,"column":0},"end":{"line":250,"column":null}},"116":{"start":{"line":254,"column":0},"end":{"line":261,"column":null}},"117":{"start":{"line":257,"column":0},"end":{"line":257,"column":null}},"118":{"start":{"line":260,"column":0},"end":{"line":260,"column":null}},"119":{"start":{"line":268,"column":0},"end":{"line":268,"column":null}},"120":{"start":{"line":269,"column":0},"end":{"line":269,"column":null}}},"fnMap":{"0":{"name":"(anonymous_1)","decl":{"start":{"line":56,"column":0},"end":{"line":56,"column":null}},"loc":{"start":{"line":56,"column":0},"end":{"line":56,"column":null}}},"1":{"name":"(anonymous_2)","decl":{"start":{"line":66,"column":0},"end":{"line":66,"column":null}},"loc":{"start":{"line":66,"column":0},"end":{"line":68,"column":null}}},"2":{"name":"(anonymous_3)","decl":{"start":{"line":69,"column":0},"end":{"line":69,"column":null}},"loc":{"start":{"line":69,"column":0},"end":{"line":71,"column":null}}},"3":{"name":"(anonymous_4)","decl":{"start":{"line":72,"column":0},"end":{"line":72,"column":null}},"loc":{"start":{"line":72,"column":0},"end":{"line":76,"column":null}}},"4":{"name":"(anonymous_5)","decl":{"start":{"line":77,"column":0},"end":{"line":77,"column":null}},"loc":{"start":{"line":77,"column":0},"end":{"line":79,"column":null}}},"5":{"name":"(anonymous_6)","decl":{"start":{"line":80,"column":0},"end":{"line":80,"column":null}},"loc":{"start":{"line":80,"column":0},"end":{"line":82,"column":null}}},"6":{"name":"(anonymous_7)","decl":{"start":{"line":83,"column":0},"end":{"line":83,"column":null}},"loc":{"start":{"line":83,"column":0},"end":{"line":237,"column":null}}},"7":{"name":"(anonymous_8)","decl":{"start":{"line":86,"column":0},"end":{"line":86,"column":null}},"loc":{"start":{"line":86,"column":0},"end":{"line":93,"column":null}}},"8":{"name":"(anonymous_9)","decl":{"start":{"line":93,"column":0},"end":{"line":93,"column":null}},"loc":{"start":{"line":93,"column":0},"end":{"line":96,"column":null}}},"9":{"name":"(anonymous_10)","decl":{"start":{"line":99,"column":0},"end":{"line":99,"column":null}},"loc":{"start":{"line":99,"column":0},"end":{"line":109,"column":null}}},"10":{"name":"(anonymous_12)","decl":{"start":{"line":127,"column":0},"end":{"line":127,"column":null}},"loc":{"start":{"line":127,"column":0},"end":{"line":149,"column":null}}},"11":{"name":"(anonymous_13)","decl":{"start":{"line":131,"column":0},"end":{"line":131,"column":null}},"loc":{"start":{"line":131,"column":0},"end":{"line":148,"column":null}}},"12":{"name":"(anonymous_14)","decl":{"start":{"line":139,"column":0},"end":{"line":139,"column":null}},"loc":{"start":{"line":139,"column":0},"end":{"line":142,"column":null}}},"13":{"name":"(anonymous_16)","decl":{"start":{"line":181,"column":0},"end":{"line":181,"column":null}},"loc":{"start":{"line":181,"column":0},"end":{"line":215,"column":null}}},"14":{"name":"(anonymous_17)","decl":{"start":{"line":185,"column":0},"end":{"line":185,"column":null}},"loc":{"start":{"line":185,"column":0},"end":{"line":208,"column":null}}},"15":{"name":"(anonymous_18)","decl":{"start":{"line":193,"column":0},"end":{"line":193,"column":null}},"loc":{"start":{"line":193,"column":0},"end":{"line":204,"column":null}}},"16":{"name":"(anonymous_19)","decl":{"start":{"line":208,"column":0},"end":{"line":208,"column":null}},"loc":{"start":{"line":208,"column":0},"end":{"line":214,"column":null}}},"17":{"name":"(anonymous_21)","decl":{"start":{"line":238,"column":0},"end":{"line":238,"column":null}},"loc":{"start":{"line":238,"column":0},"end":{"line":252,"column":null}}},"18":{"name":"(anonymous_22)","decl":{"start":{"line":239,"column":0},"end":{"line":239,"column":null}},"loc":{"start":{"line":239,"column":0},"end":{"line":244,"column":null}}},"19":{"name":"(anonymous_24)","decl":{"start":{"line":253,"column":0},"end":{"line":253,"column":null}},"loc":{"start":{"line":253,"column":0},"end":{"line":262,"column":null}}},"20":{"name":"(anonymous_25)","decl":{"start":{"line":254,"column":0},"end":{"line":254,"column":null}},"loc":{"start":{"line":254,"column":0},"end":{"line":258,"column":null}}},"21":{"name":"(anonymous_26)","decl":{"start":{"line":258,"column":0},"end":{"line":258,"column":null}},"loc":{"start":{"line":258,"column":0},"end":{"line":261,"column":null}}},"22":{"name":"(anonymous_27)","decl":{"start":{"line":267,"column":0},"end":{"line":267,"column":null}},"loc":{"start":{"line":267,"column":0},"end":{"line":270,"column":null}}},"23":{"name":"(anonymous_28)","decl":{"start":{"line":271,"column":0},"end":{"line":271,"column":null}},"loc":{"start":{"line":271,"column":0},"end":{"line":273,"column":null}}}},"branchMap":{"0":{"loc":{"start":{"line":84,"column":0},"end":{"line":119,"column":null}},"type":"if","locations":[{"start":{"line":84,"column":0},"end":{"line":119,"column":null}},{"start":{"line":84,"column":0},"end":{"line":119,"column":null}}]},"1":{"loc":{"start":{"line":104,"column":0},"end":{"line":106,"column":null}},"type":"if","locations":[{"start":{"line":104,"column":0},"end":{"line":106,"column":null}},{"start":{"line":104,"column":0},"end":{"line":106,"column":null}}]},"2":{"loc":{"start":{"line":120,"column":0},"end":{"line":161,"column":null}},"type":"if","locations":[{"start":{"line":120,"column":0},"end":{"line":161,"column":null}},{"start":{"line":120,"column":0},"end":{"line":161,"column":null}}]},"3":{"loc":{"start":{"line":121,"column":0},"end":{"line":157,"column":null}},"type":"if","locations":[{"start":{"line":121,"column":0},"end":{"line":157,"column":null}},{"start":{"line":121,"column":0},"end":{"line":157,"column":null}}]},"4":{"loc":{"start":{"line":143,"column":0},"end":{"line":145,"column":null}},"type":"if","locations":[{"start":{"line":143,"column":0},"end":{"line":145,"column":null}},{"start":{"line":143,"column":0},"end":{"line":145,"column":null}}]},"5":{"loc":{"start":{"line":162,"column":0},"end":{"line":168,"column":null}},"type":"if","locations":[{"start":{"line":162,"column":0},"end":{"line":168,"column":null}},{"start":{"line":162,"column":0},"end":{"line":168,"column":null}}]},"6":{"loc":{"start":{"line":169,"column":0},"end":{"line":225,"column":null}},"type":"if","locations":[{"start":{"line":169,"column":0},"end":{"line":225,"column":null}},{"start":{"line":169,"column":0},"end":{"line":225,"column":null}}]},"7":{"loc":{"start":{"line":170,"column":0},"end":{"line":224,"column":null}},"type":"if","locations":[{"start":{"line":170,"column":0},"end":{"line":224,"column":null}},{"start":{"line":170,"column":0},"end":{"line":224,"column":null}}]},"8":{"loc":{"start":{"line":170,"column":0},"end":{"line":170,"column":null}},"type":"binary-expr","locations":[{"start":{"line":170,"column":0},"end":{"line":170,"column":null}},{"start":{"line":170,"column":0},"end":{"line":170,"column":null}}]},"9":{"loc":{"start":{"line":177,"column":0},"end":{"line":224,"column":null}},"type":"if","locations":[{"start":{"line":177,"column":0},"end":{"line":224,"column":null}},{"start":{"line":177,"column":0},"end":{"line":224,"column":null}}]},"10":{"loc":{"start":{"line":177,"column":0},"end":{"line":177,"column":null}},"type":"binary-expr","locations":[{"start":{"line":177,"column":0},"end":{"line":177,"column":null}},{"start":{"line":177,"column":0},"end":{"line":177,"column":null}}]},"11":{"loc":{"start":{"line":205,"column":0},"end":{"line":207,"column":null}},"type":"if","locations":[{"start":{"line":205,"column":0},"end":{"line":207,"column":null}},{"start":{"line":205,"column":0},"end":{"line":207,"column":null}}]},"12":{"loc":{"start":{"line":226,"column":0},"end":{"line":233,"column":null}},"type":"if","locations":[{"start":{"line":226,"column":0},"end":{"line":233,"column":null}},{"start":{"line":226,"column":0},"end":{"line":233,"column":null}}]},"13":{"loc":{"start":{"line":234,"column":0},"end":{"line":236,"column":null}},"type":"if","locations":[{"start":{"line":234,"column":0},"end":{"line":236,"column":null}},{"start":{"line":234,"column":0},"end":{"line":236,"column":null}}]}},"s":{"0":1,"1":1,"2":1,"3":1,"4":1,"5":1,"6":1,"7":1,"8":1,"9":1,"10":0,"11":0,"12":0,"13":0,"14":0,"15":0,"16":0,"17":0,"18":0,"19":0,"20":0,"21":0,"22":0,"23":0,"24":0,"25":0,"26":0,"27":0,"28":0,"29":0,"30":0,"31":0,"32":0,"33":0,"34":0,"35":0,"36":0,"37":0,"38":0,"39":0,"40":0,"41":0,"42":0,"43":0,"44":0,"45":0,"46":0,"47":0,"48":0,"49":0,"50":0,"51":0,"52":0,"53":0,"54":0,"55":0,"56":0,"57":0,"58":0,"59":0,"60":0,"61":0,"62":0,"63":0,"64":0,"65":0,"66":0,"67":0,"68":0,"69":0,"70":0,"71":0,"72":0,"73":0,"74":0,"75":0,"76":0,"77":0,"78":0,"79":0,"80":0,"81":0,"82":0,"83":0,"84":0,"85":0,"86":0,"87":0,"88":0,"89":0,"90":0,"91":0,"92":0,"93":0,"94":0,"95":0,"96":0,"97":0,"98":0,"99":0,"100":0,"101":0,"102":0,"103":0,"104":0,"105":0,"106":0,"107":0,"108":0,"109":1,"110":0,"111":0,"112":0,"113":0,"114":0,"115":0,"116":0,"117":0,"118":0,"119":1,"120":0},"f":{"0":1,"1":0,"2":0,"3":0,"4":0,"5":0,"6":0,"7":0,"8":0,"9":0,"10":0,"11":0,"12":0,"13":0,"14":0,"15":0,"16":0,"17":1,"18":0,"19":0,"20":0,"21":0,"22":1,"23":0},"b":{"0":[0,0],"1":[0,0],"2":[0,0],"3":[0,0],"4":[0,0],"5":[0,0],"6":[0,0],"7":[0,0],"8":[0,0],"9":[0,0],"10":[0,0],"11":[0,0],"12":[0,0],"13":[0,0]}}
,"D:\\Projects and labs\\img-editor-cw\\ai-image-editor\\web\\vue-spa\\src\\main.js": {"path":"D:\\Projects and labs\\img-editor-cw\\ai-image-editor\\web\\vue-spa\\src\\main.js","statementMap":{"0":{"start":{"line":7,"column":0},"end":{"line":7,"column":32}},"1":{"start":{"line":9,"column":0},"end":{"line":12,"column":17}},"2":{"start":{"line":11,"column":15},"end":{"line":11,"column":21}}},"fnMap":{"0":{"name":"(anonymous_0)","decl":{"start":{"line":11,"column":10},"end":{"line":11,"column":11}},"loc":{"start":{"line":11,"column":15},"end":{"line":11,"column":21}},"line":11}},"branchMap":{},"s":{"0":0,"1":0,"2":0},"f":{"0":0},"b":{},"hash":"3d10b43a442d49eea91902ac6593cc4d804f1078"}
,"D:\\Projects and labs\\img-editor-cw\\ai-image-editor\\web\\vue-spa\\src\\components\\ButtonsList.vue": {"path":"D:\\Projects and labs\\img-editor-cw\\ai-image-editor\\web\\vue-spa\\src\\components\\ButtonsList.vue","statementMap":{"0":{"start":{"line":37,"column":0},"end":{"line":37,"column":null}},"1":{"start":{"line":42,"column":0},"end":{"line":42,"column":null}},"2":{"start":{"line":50,"column":0},"end":{"line":50,"column":null}},"3":{"start":{"line":51,"column":0},"end":{"line":51,"column":null}},"4":{"start":{"line":52,"column":0},"end":{"line":52,"column":null}},"5":{"start":{"line":55,"column":0},"end":{"line":55,"column":null}},"6":{"start":{"line":56,"column":0},"end":{"line":56,"column":null}},"7":{"start":{"line":57,"column":0},"end":{"line":57,"column":null}},"8":{"start":{"line":60,"column":0},"end":{"line":60,"column":null}},"9":{"start":{"line":61,"column":0},"end":{"line":61,"column":null}},"10":{"start":{"line":62,"column":0},"end":{"line":62,"column":null}},"11":{"start":{"line":65,"column":0},"end":{"line":65,"column":null}},"12":{"start":{"line":66,"column":0},"end":{"line":66,"column":null}},"13":{"start":{"line":67,"column":0},"end":{"line":67,"column":null}},"14":{"start":{"line":70,"column":0},"end":{"line":70,"column":null}},"15":{"start":{"line":71,"column":0},"end":{"line":71,"column":null}},"16":{"start":{"line":72,"column":0},"end":{"line":72,"column":null}},"17":{"start":{"line":75,"column":0},"end":{"line":75,"column":null}},"18":{"start":{"line":77,"column":0},"end":{"line":77,"column":null}},"19":{"start":{"line":78,"column":0},"end":{"line":78,"column":null}},"20":{"start":{"line":81,"column":0},"end":{"line":81,"column":null}},"21":{"start":{"line":82,"column":0},"end":{"line":82,"column":null}},"22":{"start":{"line":88,"column":0},"end":{"line":88,"column":null}},"23":{"start":{"line":93,"column":0},"end":{"line":93,"column":null}},"24":{"start":{"line":98,"column":0},"end":{"line":98,"column":null}}},"fnMap":{"0":{"name":"(anonymous_1)","decl":{"start":{"line":42,"column":0},"end":{"line":42,"column":null}},"loc":{"start":{"line":42,"column":0},"end":{"line":42,"column":null}}},"1":{"name":"(anonymous_2)","decl":{"start":{"line":49,"column":0},"end":{"line":49,"column":null}},"loc":{"start":{"line":49,"column":0},"end":{"line":53,"column":null}}},"2":{"name":"(anonymous_3)","decl":{"start":{"line":54,"column":0},"end":{"line":54,"column":null}},"loc":{"start":{"line":54,"column":0},"end":{"line":58,"column":null}}},"3":{"name":"(anonymous_4)","decl":{"start":{"line":59,"column":0},"end":{"line":59,"column":null}},"loc":{"start":{"line":59,"column":0},"end":{"line":63,"column":null}}},"4":{"name":"(anonymous_5)","decl":{"start":{"line":64,"column":0},"end":{"line":64,"column":null}},"loc":{"start":{"line":64,"column":0},"end":{"line":68,"column":null}}},"5":{"name":"(anonymous_6)","decl":{"start":{"line":69,"column":0},"end":{"line":69,"column":null}},"loc":{"start":{"line":69,"column":0},"end":{"line":73,"column":null}}},"6":{"name":"(anonymous_7)","decl":{"start":{"line":74,"column":0},"end":{"line":74,"column":null}},"loc":{"start":{"line":74,"column":0},"end":{"line":79,"column":null}}},"7":{"name":"(anonymous_8)","decl":{"start":{"line":80,"column":0},"end":{"line":80,"column":null}},"loc":{"start":{"line":80,"column":0},"end":{"line":83,"column":null}}},"8":{"name":"(anonymous_9)","decl":{"start":{"line":87,"column":0},"end":{"line":87,"column":null}},"loc":{"start":{"line":87,"column":0},"end":{"line":91,"column":null}}},"9":{"name":"(anonymous_10)","decl":{"start":{"line":92,"column":0},"end":{"line":92,"column":null}},"loc":{"start":{"line":92,"column":0},"end":{"line":96,"column":null}}},"10":{"name":"(anonymous_11)","decl":{"start":{"line":97,"column":0},"end":{"line":97,"column":null}},"loc":{"start":{"line":97,"column":0},"end":{"line":102,"column":null}}}},"branchMap":{"0":{"loc":{"start":{"line":89,"column":0},"end":{"line":89,"column":null}},"type":"binary-expr","locations":[{"start":{"line":89,"column":0},"end":{"line":89,"column":null}},{"start":{"line":89,"column":0},"end":{"line":89,"column":null}}]},"1":{"loc":{"start":{"line":94,"column":0},"end":{"line":94,"column":null}},"type":"binary-expr","locations":[{"start":{"line":94,"column":0},"end":{"line":94,"column":null}},{"start":{"line":94,"column":0},"end":{"line":94,"column":null}},{"start":{"line":94,"column":0},"end":{"line":94,"column":null}}]},"2":{"loc":{"start":{"line":99,"column":0},"end":{"line":99,"column":null}},"type":"binary-expr","locations":[{"start":{"line":99,"column":0},"end":{"line":99,"column":null}},{"start":{"line":99,"column":0},"end":{"line":99,"column":null}},{"start":{"line":99,"column":0},"end":{"line":99,"column":null}}]}},"s":{"0":2,"1":7,"2":1,"3":1,"4":1,"5":1,"6":1,"7":1,"8":1,"9":1,"10":1,"11":1,"12":1,"13":1,"14":1,"15":1,"16":1,"17":1,"18":1,"19":1,"20":6,"21":6,"22":7,"23":7,"24":7},"f":{"0":7,"1":1,"2":1,"3":1,"4":1,"5":1,"6":1,"7":6,"8":7,"9":7,"10":7},"b":{"0":[7,7],"1":[7,0,0],"2":[7,0,0]}}
,"D:\\Projects and labs\\img-editor-cw\\ai-image-editor\\web\\vue-spa\\src\\components\\DialogBox.vue": {"path":"D:\\Projects and labs\\img-editor-cw\\ai-image-editor\\web\\vue-spa\\src\\components\\DialogBox.vue","statementMap":{"0":{"start":{"line":48,"column":0},"end":{"line":48,"column":null}},"1":{"start":{"line":51,"column":0},"end":{"line":51,"column":null}}},"fnMap":{"0":{"name":"(anonymous_1)","decl":{"start":{"line":47,"column":0},"end":{"line":47,"column":null}},"loc":{"start":{"line":47,"column":0},"end":{"line":49,"column":null}}},"1":{"name":"(anonymous_2)","decl":{"start":{"line":50,"column":0},"end":{"line":50,"column":null}},"loc":{"start":{"line":50,"column":0},"end":{"line":52,"column":null}}}},"branchMap":{},"s":{"0":1,"1":1},"f":{"0":1,"1":1},"b":{}}
,"D:\\Projects and labs\\img-editor-cw\\ai-image-editor\\web\\vue-spa\\src\\components\\EffectText.vue": {"path":"D:\\Projects and labs\\img-editor-cw\\ai-image-editor\\web\\vue-spa\\src\\components\\EffectText.vue","statementMap":{"0":{"start":{"line":9,"column":0},"end":{"line":9,"column":null}},"1":{"start":{"line":16,"column":0},"end":{"line":16,"column":null}}},"fnMap":{"0":{"name":"(anonymous_1)","decl":{"start":{"line":15,"column":0},"end":{"line":15,"column":null}},"loc":{"start":{"line":15,"column":0},"end":{"line":19,"column":null}}}},"branchMap":{},"s":{"0":2,"1":2},"f":{"0":2},"b":{}}
,"D:\\Projects and labs\\img-editor-cw\\ai-image-editor\\web\\vue-spa\\src\\components\\FilterItem.vue": {"path":"D:\\Projects and labs\\img-editor-cw\\ai-image-editor\\web\\vue-spa\\src\\components\\FilterItem.vue","statementMap":{"0":{"start":{"line":13,"column":0},"end":{"line":13,"column":null}},"1":{"start":{"line":14,"column":0},"end":{"line":14,"column":null}},"2":{"start":{"line":19,"column":0},"end":{"line":19,"column":null}},"3":{"start":{"line":30,"column":0},"end":{"line":43,"column":null}},"4":{"start":{"line":33,"column":0},"end":{"line":33,"column":null}},"5":{"start":{"line":34,"column":0},"end":{"line":34,"column":null}},"6":{"start":{"line":35,"column":0},"end":{"line":35,"column":null}},"7":{"start":{"line":36,"column":0},"end":{"line":36,"column":null}},"8":{"start":{"line":37,"column":0},"end":{"line":37,"column":null}},"9":{"start":{"line":38,"column":0},"end":{"line":38,"column":null}},"10":{"start":{"line":41,"column":0},"end":{"line":41,"column":null}},"11":{"start":{"line":42,"column":0},"end":{"line":42,"column":null}},"12":{"start":{"line":47,"column":0},"end":{"line":47,"column":null}},"13":{"start":{"line":48,"column":0},"end":{"line":48,"column":null}},"14":{"start":{"line":49,"column":0},"end":{"line":49,"column":null}},"15":{"start":{"line":50,"column":0},"end":{"line":50,"column":null}},"16":{"start":{"line":51,"column":0},"end":{"line":88,"column":null}},"17":{"start":{"line":54,"column":0},"end":{"line":54,"column":null}},"18":{"start":{"line":55,"column":0},"end":{"line":55,"column":null}},"19":{"start":{"line":57,"column":0},"end":{"line":81,"column":null}},"20":{"start":{"line":62,"column":0},"end":{"line":62,"column":null}},"21":{"start":{"line":63,"column":0},"end":{"line":63,"column":null}},"22":{"start":{"line":65,"column":0},"end":{"line":65,"column":null}},"23":{"start":{"line":66,"column":0},"end":{"line":69,"column":null}},"24":{"start":{"line":67,"column":0},"end":{"line":67,"column":null}},"25":{"start":{"line":68,"column":0},"end":{"line":68,"column":null}},"26":{"start":{"line":70,"column":0},"end":{"line":72,"column":null}},"27":{"start":{"line":71,"column":0},"end":{"line":71,"column":null}},"28":{"start":{"line":73,"column":0},"end":{"line":73,"column":null}},"29":{"start":{"line":74,"column":0},"end":{"line":74,"column":null}},"30":{"start":{"line":75,"column":0},"end":{"line":75,"column":null}},"31":{"start":{"line":78,"column":0},"end":{"line":78,"column":null}},"32":{"start":{"line":79,"column":0},"end":{"line":79,"column":null}},"33":{"start":{"line":80,"column":0},"end":{"line":80,"column":null}},"34":{"start":{"line":85,"column":0},"end":{"line":85,"column":null}},"35":{"start":{"line":86,"column":0},"end":{"line":86,"column":null}},"36":{"start":{"line":87,"column":0},"end":{"line":87,"column":null}},"37":{"start":{"line":91,"column":0},"end":{"line":91,"column":null}},"38":{"start":{"line":92,"column":0},"end":{"line":92,"column":null}},"39":{"start":{"line":99,"column":0},"end":{"line":99,"column":null}},"40":{"start":{"line":105,"column":0},"end":{"line":105,"column":null}}},"fnMap":{"0":{"name":"(anonymous_1)","decl":{"start":{"line":19,"column":0},"end":{"line":19,"column":null}},"loc":{"start":{"line":19,"column":0},"end":{"line":19,"column":null}}},"1":{"name":"(anonymous_2)","decl":{"start":{"line":28,"column":0},"end":{"line":28,"column":null}},"loc":{"start":{"line":28,"column":0},"end":{"line":44,"column":null}}},"2":{"name":"(anonymous_3)","decl":{"start":{"line":30,"column":0},"end":{"line":30,"column":null}},"loc":{"start":{"line":30,"column":0},"end":{"line":39,"column":null}}},"3":{"name":"(anonymous_4)","decl":{"start":{"line":39,"column":0},"end":{"line":39,"column":null}},"loc":{"start":{"line":39,"column":0},"end":{"line":43,"column":null}}},"4":{"name":"(anonymous_5)","decl":{"start":{"line":46,"column":0},"end":{"line":46,"column":null}},"loc":{"start":{"line":46,"column":0},"end":{"line":89,"column":null}}},"5":{"name":"(anonymous_6)","decl":{"start":{"line":51,"column":0},"end":{"line":51,"column":null}},"loc":{"start":{"line":51,"column":0},"end":{"line":82,"column":null}}},"6":{"name":"(anonymous_7)","decl":{"start":{"line":57,"column":0},"end":{"line":57,"column":null}},"loc":{"start":{"line":57,"column":0},"end":{"line":76,"column":null}}},"7":{"name":"(anonymous_8)","decl":{"start":{"line":66,"column":0},"end":{"line":66,"column":null}},"loc":{"start":{"line":66,"column":0},"end":{"line":69,"column":null}}},"8":{"name":"(anonymous_9)","decl":{"start":{"line":76,"column":0},"end":{"line":76,"column":null}},"loc":{"start":{"line":76,"column":0},"end":{"line":81,"column":null}}},"9":{"name":"(anonymous_11)","decl":{"start":{"line":90,"column":0},"end":{"line":90,"column":null}},"loc":{"start":{"line":90,"column":0},"end":{"line":94,"column":null}}},"10":{"name":"(anonymous_12)","decl":{"start":{"line":98,"column":0},"end":{"line":98,"column":null}},"loc":{"start":{"line":98,"column":0},"end":{"line":103,"column":null}}},"11":{"name":"(anonymous_13)","decl":{"start":{"line":104,"column":0},"end":{"line":104,"column":null}},"loc":{"start":{"line":104,"column":0},"end":{"line":106,"column":null}}}},"branchMap":{"0":{"loc":{"start":{"line":70,"column":0},"end":{"line":72,"column":null}},"type":"if","locations":[{"start":{"line":70,"column":0},"end":{"line":72,"column":null}},{"start":{"line":70,"column":0},"end":{"line":72,"column":null}}]}},"s":{"0":4,"1":4,"2":14,"3":2,"4":0,"5":0,"6":0,"7":0,"8":0,"9":0,"10":0,"11":0,"12":2,"13":2,"14":2,"15":2,"16":2,"17":2,"18":2,"19":2,"20":0,"21":0,"22":0,"23":0,"24":0,"25":0,"26":0,"27":0,"28":0,"29":0,"30":0,"31":0,"32":0,"33":0,"34":2,"35":2,"36":2,"37":2,"38":2,"39":19,"40":19},"f":{"0":14,"1":2,"2":0,"3":0,"4":2,"5":4,"6":0,"7":0,"8":0,"9":2,"10":19,"11":19},"b":{"0":[0,0]}}
,"D:\\Projects and labs\\img-editor-cw\\ai-image-editor\\web\\vue-spa\\src\\components\\FiltersList.vue": {"path":"D:\\Projects and labs\\img-editor-cw\\ai-image-editor\\web\\vue-spa\\src\\components\\FiltersList.vue","statementMap":{"0":{"start":{"line":21,"column":0},"end":{"line":21,"column":null}},"1":{"start":{"line":27,"column":0},"end":{"line":27,"column":null}},"2":{"start":{"line":32,"column":0},"end":{"line":32,"column":null}}},"fnMap":{"0":{"name":"(anonymous_1)","decl":{"start":{"line":27,"column":0},"end":{"line":27,"column":null}},"loc":{"start":{"line":27,"column":0},"end":{"line":27,"column":null}}},"1":{"name":"(anonymous_2)","decl":{"start":{"line":31,"column":0},"end":{"line":31,"column":null}},"loc":{"start":{"line":31,"column":0},"end":{"line":33,"column":null}}}},"branchMap":{},"s":{"0":3,"1":3,"2":0},"f":{"0":3,"1":0},"b":{}}
,"D:\\Projects and labs\\img-editor-cw\\ai-image-editor\\web\\vue-spa\\src\\components\\Footer.vue": {"path":"D:\\Projects and labs\\img-editor-cw\\ai-image-editor\\web\\vue-spa\\src\\components\\Footer.vue","statementMap":{"0":{"start":{"line":34,"column":0},"end":{"line":34,"column":null}},"1":{"start":{"line":35,"column":0},"end":{"line":35,"column":null}},"2":{"start":{"line":36,"column":0},"end":{"line":36,"column":null}},"3":{"start":{"line":43,"column":0},"end":{"line":43,"column":null}},"4":{"start":{"line":54,"column":0},"end":{"line":54,"column":null}},"5":{"start":{"line":55,"column":0},"end":{"line":55,"column":null}},"6":{"start":{"line":56,"column":0},"end":{"line":56,"column":null}},"7":{"start":{"line":59,"column":0},"end":{"line":59,"column":null}},"8":{"start":{"line":60,"column":0},"end":{"line":60,"column":null}},"9":{"start":{"line":61,"column":0},"end":{"line":61,"column":null}},"10":{"start":{"line":62,"column":0},"end":{"line":67,"column":null}},"11":{"start":{"line":63,"column":0},"end":{"line":63,"column":null}},"12":{"start":{"line":65,"column":0},"end":{"line":65,"column":null}},"13":{"start":{"line":66,"column":0},"end":{"line":66,"column":null}},"14":{"start":{"line":70,"column":0},"end":{"line":70,"column":null}},"15":{"start":{"line":73,"column":0},"end":{"line":73,"column":null}},"16":{"start":{"line":74,"column":0},"end":{"line":74,"column":null}},"17":{"start":{"line":77,"column":0},"end":{"line":77,"column":null}},"18":{"start":{"line":79,"column":0},"end":{"line":79,"column":null}},"19":{"start":{"line":80,"column":0},"end":{"line":84,"column":null}},"20":{"start":{"line":81,"column":0},"end":{"line":81,"column":null}},"21":{"start":{"line":82,"column":0},"end":{"line":82,"column":null}},"22":{"start":{"line":83,"column":0},"end":{"line":83,"column":null}},"23":{"start":{"line":85,"column":0},"end":{"line":87,"column":null}},"24":{"start":{"line":86,"column":0},"end":{"line":86,"column":null}},"25":{"start":{"line":88,"column":0},"end":{"line":131,"column":null}},"26":{"start":{"line":91,"column":0},"end":{"line":91,"column":null}},"27":{"start":{"line":92,"column":0},"end":{"line":92,"column":null}},"28":{"start":{"line":93,"column":0},"end":{"line":121,"column":null}},"29":{"start":{"line":96,"column":0},"end":{"line":115,"column":null}},"30":{"start":{"line":100,"column":0},"end":{"line":100,"column":null}},"31":{"start":{"line":101,"column":0},"end":{"line":101,"column":null}},"32":{"start":{"line":102,"column":0},"end":{"line":102,"column":null}},"33":{"start":{"line":103,"column":0},"end":{"line":103,"column":null}},"34":{"start":{"line":104,"column":0},"end":{"line":104,"column":null}},"35":{"start":{"line":105,"column":0},"end":{"line":105,"column":null}},"36":{"start":{"line":106,"column":0},"end":{"line":106,"column":null}},"37":{"start":{"line":107,"column":0},"end":{"line":107,"column":null}},"38":{"start":{"line":108,"column":0},"end":{"line":108,"column":null}},"39":{"start":{"line":109,"column":0},"end":{"line":109,"column":null}},"40":{"start":{"line":111,"column":0},"end":{"line":111,"column":null}},"41":{"start":{"line":113,"column":0},"end":{"line":113,"column":null}},"42":{"start":{"line":119,"column":0},"end":{"line":119,"column":null}},"43":{"start":{"line":120,"column":0},"end":{"line":120,"column":null}},"44":{"start":{"line":125,"column":0},"end":{"line":125,"column":null}},"45":{"start":{"line":126,"column":0},"end":{"line":126,"column":null}},"46":{"start":{"line":128,"column":0},"end":{"line":128,"column":null}},"47":{"start":{"line":130,"column":0},"end":{"line":130,"column":null}},"48":{"start":{"line":134,"column":0},"end":{"line":142,"column":null}},"49":{"start":{"line":137,"column":0},"end":{"line":137,"column":null}},"50":{"start":{"line":141,"column":0},"end":{"line":141,"column":null}},"51":{"start":{"line":182,"column":0},"end":{"line":182,"column":null}}},"fnMap":{"0":{"name":"(anonymous_1)","decl":{"start":{"line":43,"column":0},"end":{"line":43,"column":null}},"loc":{"start":{"line":43,"column":0},"end":{"line":43,"column":null}}},"1":{"name":"(anonymous_2)","decl":{"start":{"line":53,"column":0},"end":{"line":53,"column":null}},"loc":{"start":{"line":53,"column":0},"end":{"line":57,"column":null}}},"2":{"name":"(anonymous_3)","decl":{"start":{"line":58,"column":0},"end":{"line":58,"column":null}},"loc":{"start":{"line":58,"column":0},"end":{"line":68,"column":null}}},"3":{"name":"(anonymous_4)","decl":{"start":{"line":69,"column":0},"end":{"line":69,"column":null}},"loc":{"start":{"line":69,"column":0},"end":{"line":71,"column":null}}},"4":{"name":"(anonymous_5)","decl":{"start":{"line":72,"column":0},"end":{"line":72,"column":null}},"loc":{"start":{"line":72,"column":0},"end":{"line":75,"column":null}}},"5":{"name":"(anonymous_6)","decl":{"start":{"line":76,"column":0},"end":{"line":76,"column":null}},"loc":{"start":{"line":76,"column":0},"end":{"line":132,"column":null}}},"6":{"name":"(anonymous_7)","decl":{"start":{"line":80,"column":0},"end":{"line":80,"column":null}},"loc":{"start":{"line":80,"column":0},"end":{"line":84,"column":null}}},"7":{"name":"(anonymous_8)","decl":{"start":{"line":88,"column":0},"end":{"line":88,"column":null}},"loc":{"start":{"line":88,"column":0},"end":{"line":122,"column":null}}},"8":{"name":"(anonymous_9)","decl":{"start":{"line":93,"column":0},"end":{"line":93,"column":null}},"loc":{"start":{"line":93,"column":0},"end":{"line":116,"column":null}}},"9":{"name":"(anonymous_12)","decl":{"start":{"line":133,"column":0},"end":{"line":133,"column":null}},"loc":{"start":{"line":133,"column":0},"end":{"line":143,"column":null}}},"10":{"name":"(anonymous_13)","decl":{"start":{"line":134,"column":0},"end":{"line":134,"column":null}},"loc":{"start":{"line":134,"column":0},"end":{"line":138,"column":null}}},"11":{"name":"(anonymous_15)","decl":{"start":{"line":181,"column":0},"end":{"line":181,"column":null}},"loc":{"start":{"line":181,"column":0},"end":{"line":183,"column":null}}}},"branchMap":{"0":{"loc":{"start":{"line":62,"column":0},"end":{"line":67,"column":null}},"type":"if","locations":[{"start":{"line":62,"column":0},"end":{"line":67,"column":null}},{"start":{"line":62,"column":0},"end":{"line":67,"column":null}}]},"1":{"loc":{"start":{"line":62,"column":0},"end":{"line":62,"column":null}},"type":"binary-expr","locations":[{"start":{"line":62,"column":0},"end":{"line":62,"column":null}},{"start":{"line":62,"column":0},"end":{"line":62,"column":null}},{"start":{"line":62,"column":0},"end":{"line":62,"column":null}},{"start":{"line":62,"column":0},"end":{"line":62,"column":null}}]},"2":{"loc":{"start":{"line":85,"column":0},"end":{"line":87,"column":null}},"type":"if","locations":[{"start":{"line":85,"column":0},"end":{"line":87,"column":null}},{"start":{"line":85,"column":0},"end":{"line":87,"column":null}}]},"3":{"loc":{"start":{"line":96,"column":0},"end":{"line":115,"column":null}},"type":"if","locations":[{"start":{"line":96,"column":0},"end":{"line":115,"column":null}},{"start":{"line":96,"column":0},"end":{"line":115,"column":null}}]},"4":{"loc":{"start":{"line":96,"column":0},"end":{"line":96,"column":null}},"type":"binary-expr","locations":[{"start":{"line":96,"column":0},"end":{"line":96,"column":null}},{"start":{"line":96,"column":0},"end":{"line":96,"column":null}},{"start":{"line":96,"column":0},"end":{"line":96,"column":null}},{"start":{"line":96,"column":0},"end":{"line":96,"column":null}},{"start":{"line":96,"column":0},"end":{"line":96,"column":null}},{"start":{"line":96,"column":0},"end":{"line":96,"column":null}},{"start":{"line":96,"column":0},"end":{"line":96,"column":null}}]}},"s":{"0":2,"1":2,"2":2,"3":4,"4":1,"5":1,"6":1,"7":1,"8":1,"9":1,"10":1,"11":0,"12":0,"13":0,"14":0,"15":0,"16":0,"17":1,"18":1,"19":1,"20":0,"21":0,"22":0,"23":1,"24":1,"25":1,"26":1,"27":1,"28":1,"29":0,"30":0,"31":0,"32":0,"33":0,"34":0,"35":0,"36":0,"37":0,"38":0,"39":0,"40":0,"41":0,"42":0,"43":0,"44":1,"45":1,"46":1,"47":1,"48":0,"49":0,"50":0,"51":4},"f":{"0":4,"1":1,"2":1,"3":0,"4":0,"5":1,"6":0,"7":2,"8":0,"9":0,"10":0,"11":4},"b":{"0":[0,1],"1":[1,0,1,0],"2":[1,0],"3":[0,0],"4":[0,0,0,0,0,0,0]}}
,"D:\\Projects and labs\\img-editor-cw\\ai-image-editor\\web\\vue-spa\\src\\components\\Header.vue": {"path":"D:\\Projects and labs\\img-editor-cw\\ai-image-editor\\web\\vue-spa\\src\\components\\Header.vue","statementMap":{"0":{"start":{"line":15,"column":0},"end":{"line":15,"column":null}}},"fnMap":{"0":{"name":"(anonymous_1)","decl":{"start":{"line":15,"column":0},"end":{"line":15,"column":null}},"loc":{"start":{"line":15,"column":0},"end":{"line":15,"column":null}}}},"branchMap":{},"s":{"0":1},"f":{"0":1},"b":{}}
,"D:\\Projects and labs\\img-editor-cw\\ai-image-editor\\web\\vue-spa\\src\\components\\InfoPicture.vue": {"path":"D:\\Projects and labs\\img-editor-cw\\ai-image-editor\\web\\vue-spa\\src\\components\\InfoPicture.vue","statementMap":{"0":{"start":{"line":15,"column":0},"end":{"line":15,"column":null}},"1":{"start":{"line":21,"column":0},"end":{"line":21,"column":null}},"2":{"start":{"line":28,"column":0},"end":{"line":28,"column":null}},"3":{"start":{"line":34,"column":0},"end":{"line":34,"column":null}},"4":{"start":{"line":37,"column":0},"end":{"line":37,"column":null}}},"fnMap":{"0":{"name":"(anonymous_1)","decl":{"start":{"line":21,"column":0},"end":{"line":21,"column":null}},"loc":{"start":{"line":21,"column":0},"end":{"line":21,"column":null}}},"1":{"name":"(anonymous_2)","decl":{"start":{"line":27,"column":0},"end":{"line":27,"column":null}},"loc":{"start":{"line":27,"column":0},"end":{"line":29,"column":null}}},"2":{"name":"(anonymous_3)","decl":{"start":{"line":33,"column":0},"end":{"line":33,"column":null}},"loc":{"start":{"line":33,"column":0},"end":{"line":35,"column":null}}},"3":{"name":"(anonymous_4)","decl":{"start":{"line":36,"column":0},"end":{"line":36,"column":null}},"loc":{"start":{"line":36,"column":0},"end":{"line":38,"column":null}}}},"branchMap":{},"s":{"0":2,"1":1,"2":0,"3":1,"4":1},"f":{"0":1,"1":0,"2":1,"3":1},"b":{}}
,"D:\\Projects and labs\\img-editor-cw\\ai-image-editor\\web\\vue-spa\\src\\components\\PictureItem.vue": {"path":"D:\\Projects and labs\\img-editor-cw\\ai-image-editor\\web\\vue-spa\\src\\components\\PictureItem.vue","statementMap":{"0":{"start":{"line":8,"column":0},"end":{"line":8,"column":null}},"1":{"start":{"line":12,"column":0},"end":{"line":12,"column":null}},"2":{"start":{"line":22,"column":0},"end":{"line":22,"column":null}}},"fnMap":{"0":{"name":"(anonymous_1)","decl":{"start":{"line":12,"column":0},"end":{"line":12,"column":null}},"loc":{"start":{"line":12,"column":0},"end":{"line":12,"column":null}}},"1":{"name":"(anonymous_2)","decl":{"start":{"line":21,"column":0},"end":{"line":21,"column":null}},"loc":{"start":{"line":21,"column":0},"end":{"line":23,"column":null}}}},"branchMap":{},"s":{"0":2,"1":1,"2":1},"f":{"0":1,"1":1},"b":{}}
}
