TN:
SF:D:\Projects and labs\img-editor-cw\ai-image-editor\web\vue-spa\src\assets\candy.jpg
FNF:0
FNH:0
DA:1,1
LF:1
LH:1
BRF:0
BRH:0
end_of_record
TN:
SF:D:\Projects and labs\img-editor-cw\ai-image-editor\web\vue-spa\src\components\ButtonsList.vue
FN:42,(anonymous_1)
FN:49,(anonymous_2)
FN:54,(anonymous_3)
FN:59,(anonymous_4)
FN:64,(anonymous_5)
FN:69,(anonymous_6)
FN:74,(anonymous_7)
FN:80,(anonymous_8)
FN:87,(anonymous_9)
FN:92,(anonymous_10)
FN:97,(anonymous_11)
FNF:11
FNH:4
FNDA:1,(anonymous_1)
FNDA:0,(anonymous_2)
FNDA:0,(anonymous_3)
FNDA:0,(anonymous_4)
FNDA:0,(anonymous_5)
FNDA:0,(anonymous_6)
FNDA:0,(anonymous_7)
FNDA:0,(anonymous_8)
FNDA:1,(anonymous_9)
FNDA:1,(anonymous_10)
FNDA:1,(anonymous_11)
DA:37,1
DA:42,1
DA:50,0
DA:51,0
DA:52,0
DA:55,0
DA:56,0
DA:57,0
DA:60,0
DA:61,0
DA:62,0
DA:65,0
DA:66,0
DA:67,0
DA:70,0
DA:71,0
DA:72,0
DA:75,0
DA:77,0
DA:78,0
DA:81,0
DA:82,0
DA:88,1
DA:93,1
DA:98,1
LF:25
LH:5
BRDA:89,0,0,1
BRDA:89,0,1,1
BRDA:94,1,0,1
BRDA:94,1,1,0
BRDA:94,1,2,0
BRDA:99,2,0,1
BRDA:99,2,1,0
BRDA:99,2,2,0
BRF:8
BRH:4
end_of_record
TN:
SF:D:\Projects and labs\img-editor-cw\ai-image-editor\web\vue-spa\src\components\DialogBox.vue
FN:47,(anonymous_1)
FN:50,(anonymous_2)
FNF:2
FNH:0
FNDA:0,(anonymous_1)
FNDA:0,(anonymous_2)
DA:48,0
DA:51,0
LF:2
LH:0
BRF:0
BRH:0
end_of_record
TN:
SF:D:\Projects and labs\img-editor-cw\ai-image-editor\web\vue-spa\src\components\EffectText.vue
FN:15,(anonymous_1)
FNF:1
FNH:1
FNDA:2,(anonymous_1)
DA:9,1
DA:16,2
LF:2
LH:2
BRF:0
BRH:0
end_of_record
TN:
SF:D:\Projects and labs\img-editor-cw\ai-image-editor\web\vue-spa\src\components\FilterItem.vue
FN:19,(anonymous_1)
FN:28,(anonymous_2)
FN:30,(anonymous_3)
FN:39,(anonymous_4)
FN:46,(anonymous_5)
FN:51,(anonymous_6)
FN:57,(anonymous_7)
FN:66,(anonymous_8)
FN:76,(anonymous_9)
FN:90,(anonymous_11)
FN:98,(anonymous_12)
FN:104,(anonymous_13)
FNF:12
FNH:3
FNDA:1,(anonymous_1)
FNDA:0,(anonymous_2)
FNDA:0,(anonymous_3)
FNDA:0,(anonymous_4)
FNDA:0,(anonymous_5)
FNDA:0,(anonymous_6)
FNDA:0,(anonymous_7)
FNDA:0,(anonymous_8)
FNDA:0,(anonymous_9)
FNDA:0,(anonymous_11)
FNDA:1,(anonymous_12)
FNDA:1,(anonymous_13)
DA:13,3
DA:14,3
DA:19,1
DA:30,0
DA:33,0
DA:34,0
DA:35,0
DA:36,0
DA:37,0
DA:38,0
DA:41,0
DA:42,0
DA:47,0
DA:48,0
DA:49,0
DA:50,0
DA:51,0
DA:54,0
DA:55,0
DA:57,0
DA:62,0
DA:63,0
DA:65,0
DA:66,0
DA:67,0
DA:68,0
DA:70,0
DA:71,0
DA:73,0
DA:74,0
DA:75,0
DA:78,0
DA:79,0
DA:80,0
DA:85,0
DA:86,0
DA:87,0
DA:91,0
DA:92,0
DA:99,1
DA:105,1
LF:41
LH:5
BRDA:70,0,0,0
BRDA:70,0,1,0
BRF:2
BRH:0
end_of_record
TN:
SF:D:\Projects and labs\img-editor-cw\ai-image-editor\web\vue-spa\src\components\FiltersList.vue
FN:27,(anonymous_1)
FN:31,(anonymous_2)
FNF:2
FNH:1
FNDA:1,(anonymous_1)
FNDA:0,(anonymous_2)
DA:21,2
DA:27,1
DA:32,0
LF:3
LH:2
BRF:0
BRH:0
end_of_record
TN:
SF:D:\Projects and labs\img-editor-cw\ai-image-editor\web\vue-spa\src\components\Footer.vue
FN:43,(anonymous_1)
FN:53,(anonymous_2)
FN:58,(anonymous_3)
FN:69,(anonymous_4)
FN:72,(anonymous_5)
FN:76,(anonymous_6)
FN:80,(anonymous_7)
FN:88,(anonymous_8)
FN:93,(anonymous_9)
FN:133,(anonymous_12)
FN:134,(anonymous_13)
FN:181,(anonymous_15)
FN:184,(anonymous_16)
FNF:13
FNH:4
FNDA:2,(anonymous_1)
FNDA:0,(anonymous_2)
FNDA:0,(anonymous_3)
FNDA:0,(anonymous_4)
FNDA:0,(anonymous_5)
FNDA:1,(anonymous_6)
FNDA:0,(anonymous_7)
FNDA:2,(anonymous_8)
FNDA:0,(anonymous_9)
FNDA:0,(anonymous_12)
FNDA:0,(anonymous_13)
FNDA:2,(anonymous_15)
FNDA:0,(anonymous_16)
DA:34,1
DA:35,1
DA:36,1
DA:43,2
DA:54,0
DA:55,0
DA:56,0
DA:59,0
DA:60,0
DA:61,0
DA:62,0
DA:63,0
DA:65,0
DA:66,0
DA:70,0
DA:73,0
DA:74,0
DA:77,1
DA:79,1
DA:80,1
DA:81,0
DA:82,0
DA:83,0
DA:85,1
DA:86,1
DA:88,1
DA:91,1
DA:92,1
DA:93,1
DA:96,0
DA:100,0
DA:101,0
DA:102,0
DA:103,0
DA:104,0
DA:105,0
DA:106,0
DA:107,0
DA:108,0
DA:109,0
DA:111,0
DA:113,0
DA:119,0
DA:120,0
DA:125,1
DA:126,1
DA:128,1
DA:130,1
DA:134,0
DA:137,0
DA:141,0
DA:182,2
DA:185,0
DA:187,0
DA:188,0
DA:189,0
LF:56
LH:18
BRDA:62,0,0,0
BRDA:62,0,1,0
BRDA:62,1,0,0
BRDA:62,1,1,0
BRDA:62,1,2,0
BRDA:62,1,3,0
BRDA:85,2,0,1
BRDA:85,2,1,0
BRDA:96,3,0,0
BRDA:96,3,1,0
BRDA:96,4,0,0
BRDA:96,4,1,0
BRDA:96,4,2,0
BRDA:96,4,3,0
BRDA:96,4,4,0
BRDA:96,4,5,0
BRDA:96,4,6,0
BRF:17
BRH:1
end_of_record
TN:
SF:D:\Projects and labs\img-editor-cw\ai-image-editor\web\vue-spa\src\components\InfoPicture.vue
FN:21,(anonymous_1)
FN:27,(anonymous_2)
FN:33,(anonymous_3)
FN:36,(anonymous_4)
FNF:4
FNH:3
FNDA:1,(anonymous_1)
FNDA:0,(anonymous_2)
FNDA:1,(anonymous_3)
FNDA:1,(anonymous_4)
DA:15,1
DA:21,1
DA:28,0
DA:34,1
DA:37,1
LF:5
LH:4
BRF:0
BRH:0
end_of_record
TN:
SF:D:\Projects and labs\img-editor-cw\ai-image-editor\web\vue-spa\src\components\PictureItem.vue
FN:12,(anonymous_1)
FN:21,(anonymous_2)
FNF:2
FNH:2
FNDA:1,(anonymous_1)
FNDA:1,(anonymous_2)
DA:8,1
DA:12,1
DA:22,1
LF:3
LH:3
BRF:0
BRH:0
end_of_record
TN:
SF:D:\Projects and labs\img-editor-cw\ai-image-editor\web\vue-spa\src\store\index.js
FN:24,(anonymous_0)
FN:25,(anonymous_1)
FN:26,(anonymous_2)
FN:27,(anonymous_3)
FN:28,(anonymous_4)
FN:29,(anonymous_5)
FN:30,(anonymous_6)
FN:31,(anonymous_7)
FN:32,(anonymous_8)
FN:33,(anonymous_9)
FN:34,(anonymous_10)
FN:35,(anonymous_11)
FN:36,(anonymous_12)
FN:39,(anonymous_13)
FN:42,(anonymous_14)
FN:45,(anonymous_15)
FN:48,(anonymous_16)
FN:51,(anonymous_17)
FN:54,(anonymous_18)
FN:57,(anonymous_19)
FN:60,(anonymous_20)
FN:63,(anonymous_21)
FN:67,(anonymous_22)
FN:70,(anonymous_23)
FN:73,(anonymous_24)
FN:76,(anonymous_25)
FN:81,(anonymous_26)
FN:85,(anonymous_27)
FN:89,(anonymous_28)
FN:93,(anonymous_29)
FN:97,(anonymous_30)
FN:101,(anonymous_31)
FN:105,(anonymous_32)
FN:109,(anonymous_33)
FN:113,(anonymous_34)
FN:117,(anonymous_35)
FN:121,(anonymous_36)
FN:125,(anonymous_37)
FN:129,(anonymous_38)
FNF:39
FNH:7
FNDA:2,(anonymous_0)
FNDA:0,(anonymous_1)
FNDA:0,(anonymous_2)
FNDA:1,(anonymous_3)
FNDA:0,(anonymous_4)
FNDA:0,(anonymous_5)
FNDA:1,(anonymous_6)
FNDA:1,(anonymous_7)
FNDA:1,(anonymous_8)
FNDA:1,(anonymous_9)
FNDA:0,(anonymous_10)
FNDA:0,(anonymous_11)
FNDA:2,(anonymous_12)
FNDA:0,(anonymous_13)
FNDA:0,(anonymous_14)
FNDA:0,(anonymous_15)
FNDA:0,(anonymous_16)
FNDA:0,(anonymous_17)
FNDA:0,(anonymous_18)
FNDA:0,(anonymous_19)
FNDA:0,(anonymous_20)
FNDA:0,(anonymous_21)
FNDA:0,(anonymous_22)
FNDA:0,(anonymous_23)
FNDA:0,(anonymous_24)
FNDA:0,(anonymous_25)
FNDA:0,(anonymous_26)
FNDA:0,(anonymous_27)
FNDA:0,(anonymous_28)
FNDA:0,(anonymous_29)
FNDA:0,(anonymous_30)
FNDA:0,(anonymous_31)
FNDA:0,(anonymous_32)
FNDA:0,(anonymous_33)
FNDA:0,(anonymous_34)
FNDA:0,(anonymous_35)
FNDA:0,(anonymous_36)
FNDA:0,(anonymous_37)
FNDA:0,(anonymous_38)
DA:4,4
DA:24,2
DA:25,0
DA:26,0
DA:27,1
DA:28,0
DA:29,0
DA:30,1
DA:31,1
DA:32,1
DA:33,1
DA:34,0
DA:35,0
DA:36,2
DA:40,0
DA:43,0
DA:46,0
DA:49,0
DA:52,0
DA:55,0
DA:58,0
DA:61,0
DA:64,0
DA:65,0
DA:68,0
DA:71,0
DA:74,0
DA:77,0
DA:82,0
DA:83,0
DA:86,0
DA:87,0
DA:90,0
DA:91,0
DA:94,0
DA:95,0
DA:98,0
DA:99,0
DA:102,0
DA:103,0
DA:106,0
DA:107,0
DA:110,0
DA:111,0
DA:114,0
DA:115,0
DA:118,0
DA:119,0
DA:122,0
DA:123,0
DA:126,0
DA:127,0
DA:130,0
DA:131,0
LF:54
LH:8
BRF:0
BRH:0
end_of_record
