TN:
SF:D:\Projects and labs\img-editor-cw\ai-image-editor\web\vue-spa\src\App.vue
FN:56,(anonymous_1)
FN:66,(anonymous_2)
FN:69,(anonymous_3)
FN:72,(anonymous_4)
FN:77,(anonymous_5)
FN:80,(anonymous_6)
FN:83,(anonymous_7)
FN:86,(anonymous_8)
FN:93,(anonymous_9)
FN:99,(anonymous_10)
FN:127,(anonymous_12)
FN:131,(anonymous_13)
FN:139,(anonymous_14)
FN:181,(anonymous_16)
FN:185,(anonymous_17)
FN:193,(anonymous_18)
FN:208,(anonymous_19)
FN:238,(anonymous_21)
FN:239,(anonymous_22)
FN:253,(anonymous_24)
FN:254,(anonymous_25)
FN:258,(anonymous_26)
FN:267,(anonymous_27)
FN:271,(anonymous_28)
FNF:24
FNH:3
FNDA:1,(anonymous_1)
FNDA:0,(anonymous_2)
FNDA:0,(anonymous_3)
FNDA:0,(anonymous_4)
FNDA:0,(anonymous_5)
FNDA:0,(anonymous_6)
FNDA:0,(anonymous_7)
FNDA:0,(anonymous_8)
FNDA:0,(anonymous_9)
FNDA:0,(anonymous_10)
FNDA:0,(anonymous_12)
FNDA:0,(anonymous_13)
FNDA:0,(anonymous_14)
FNDA:0,(anonymous_16)
FNDA:0,(anonymous_17)
FNDA:0,(anonymous_18)
FNDA:0,(anonymous_19)
FNDA:1,(anonymous_21)
FNDA:0,(anonymous_22)
FNDA:0,(anonymous_24)
FNDA:0,(anonymous_25)
FNDA:0,(anonymous_26)
FNDA:1,(anonymous_27)
FNDA:0,(anonymous_28)
DA:35,1
DA:36,1
DA:37,1
DA:38,1
DA:39,1
DA:40,1
DA:41,1
DA:42,1
DA:43,1
DA:56,1
DA:67,0
DA:70,0
DA:73,0
DA:74,0
DA:75,0
DA:78,0
DA:81,0
DA:84,0
DA:85,0
DA:86,0
DA:91,0
DA:92,0
DA:95,0
DA:97,0
DA:98,0
DA:99,0
DA:102,0
DA:103,0
DA:104,0
DA:105,0
DA:107,0
DA:108,0
DA:112,0
DA:113,0
DA:114,0
DA:116,0
DA:120,0
DA:121,0
DA:122,0
DA:123,0
DA:124,0
DA:127,0
DA:130,0
DA:131,0
DA:136,0
DA:137,0
DA:138,0
DA:139,0
DA:140,0
DA:141,0
DA:143,0
DA:144,0
DA:146,0
DA:152,0
DA:153,0
DA:154,0
DA:155,0
DA:158,0
DA:159,0
DA:162,0
DA:163,0
DA:164,0
DA:165,0
DA:166,0
DA:167,0
DA:169,0
DA:170,0
DA:171,0
DA:172,0
DA:174,0
DA:175,0
DA:176,0
DA:177,0
DA:178,0
DA:179,0
DA:181,0
DA:184,0
DA:185,0
DA:190,0
DA:192,0
DA:193,0
DA:194,0
DA:195,0
DA:196,0
DA:197,0
DA:198,0
DA:200,0
DA:201,0
DA:202,0
DA:205,0
DA:206,0
DA:210,0
DA:211,0
DA:212,0
DA:213,0
DA:218,0
DA:219,0
DA:220,0
DA:221,0
DA:223,0
DA:226,0
DA:227,0
DA:228,0
DA:229,0
DA:230,0
DA:231,0
DA:232,0
DA:234,0
DA:235,0
DA:239,1
DA:242,0
DA:243,0
DA:247,0
DA:248,0
DA:249,0
DA:250,0
DA:254,0
DA:257,0
DA:260,0
DA:268,1
DA:269,0
LF:121
LH:12
BRDA:84,0,0,0
BRDA:84,0,1,0
BRDA:104,1,0,0
BRDA:104,1,1,0
BRDA:120,2,0,0
BRDA:120,2,1,0
BRDA:121,3,0,0
BRDA:121,3,1,0
BRDA:143,4,0,0
BRDA:143,4,1,0
BRDA:162,5,0,0
BRDA:162,5,1,0
BRDA:169,6,0,0
BRDA:169,6,1,0
BRDA:170,7,0,0
BRDA:170,7,1,0
BRDA:170,8,0,0
BRDA:170,8,1,0
BRDA:177,9,0,0
BRDA:177,9,1,0
BRDA:177,10,0,0
BRDA:177,10,1,0
BRDA:205,11,0,0
BRDA:205,11,1,0
BRDA:226,12,0,0
BRDA:226,12,1,0
BRDA:234,13,0,0
BRDA:234,13,1,0
BRF:28
BRH:0
end_of_record
TN:
SF:D:\Projects and labs\img-editor-cw\ai-image-editor\web\vue-spa\src\main.js
FN:11,(anonymous_0)
FNF:1
FNH:0
FNDA:0,(anonymous_0)
DA:7,0
DA:9,0
DA:11,0
LF:3
LH:0
BRF:0
BRH:0
end_of_record
TN:
SF:D:\Projects and labs\img-editor-cw\ai-image-editor\web\vue-spa\src\components\ButtonsList.vue
FN:42,(anonymous_1)
FN:49,(anonymous_2)
FN:54,(anonymous_3)
FN:59,(anonymous_4)
FN:64,(anonymous_5)
FN:69,(anonymous_6)
FN:74,(anonymous_7)
FN:80,(anonymous_8)
FN:87,(anonymous_9)
FN:92,(anonymous_10)
FN:97,(anonymous_11)
FNF:11
FNH:11
FNDA:7,(anonymous_1)
FNDA:1,(anonymous_2)
FNDA:1,(anonymous_3)
FNDA:1,(anonymous_4)
FNDA:1,(anonymous_5)
FNDA:1,(anonymous_6)
FNDA:1,(anonymous_7)
FNDA:6,(anonymous_8)
FNDA:7,(anonymous_9)
FNDA:7,(anonymous_10)
FNDA:7,(anonymous_11)
DA:37,2
DA:42,7
DA:50,1
DA:51,1
DA:52,1
DA:55,1
DA:56,1
DA:57,1
DA:60,1
DA:61,1
DA:62,1
DA:65,1
DA:66,1
DA:67,1
DA:70,1
DA:71,1
DA:72,1
DA:75,1
DA:77,1
DA:78,1
DA:81,6
DA:82,6
DA:88,7
DA:93,7
DA:98,7
LF:25
LH:25
BRDA:89,0,0,7
BRDA:89,0,1,7
BRDA:94,1,0,7
BRDA:94,1,1,0
BRDA:94,1,2,0
BRDA:99,2,0,7
BRDA:99,2,1,0
BRDA:99,2,2,0
BRF:8
BRH:4
end_of_record
TN:
SF:D:\Projects and labs\img-editor-cw\ai-image-editor\web\vue-spa\src\components\DialogBox.vue
FN:47,(anonymous_1)
FN:50,(anonymous_2)
FNF:2
FNH:2
FNDA:1,(anonymous_1)
FNDA:1,(anonymous_2)
DA:48,1
DA:51,1
LF:2
LH:2
BRF:0
BRH:0
end_of_record
TN:
SF:D:\Projects and labs\img-editor-cw\ai-image-editor\web\vue-spa\src\components\EffectText.vue
FN:15,(anonymous_1)
FNF:1
FNH:1
FNDA:2,(anonymous_1)
DA:9,2
DA:16,2
LF:2
LH:2
BRF:0
BRH:0
end_of_record
TN:
SF:D:\Projects and labs\img-editor-cw\ai-image-editor\web\vue-spa\src\components\FilterItem.vue
FN:19,(anonymous_1)
FN:28,(anonymous_2)
FN:30,(anonymous_3)
FN:39,(anonymous_4)
FN:46,(anonymous_5)
FN:51,(anonymous_6)
FN:57,(anonymous_7)
FN:66,(anonymous_8)
FN:76,(anonymous_9)
FN:90,(anonymous_11)
FN:98,(anonymous_12)
FN:104,(anonymous_13)
FNF:12
FNH:7
FNDA:14,(anonymous_1)
FNDA:2,(anonymous_2)
FNDA:0,(anonymous_3)
FNDA:0,(anonymous_4)
FNDA:2,(anonymous_5)
FNDA:4,(anonymous_6)
FNDA:0,(anonymous_7)
FNDA:0,(anonymous_8)
FNDA:0,(anonymous_9)
FNDA:2,(anonymous_11)
FNDA:19,(anonymous_12)
FNDA:19,(anonymous_13)
DA:13,4
DA:14,4
DA:19,14
DA:30,2
DA:33,0
DA:34,0
DA:35,0
DA:36,0
DA:37,0
DA:38,0
DA:41,0
DA:42,0
DA:47,2
DA:48,2
DA:49,2
DA:50,2
DA:51,2
DA:54,2
DA:55,2
DA:57,2
DA:62,0
DA:63,0
DA:65,0
DA:66,0
DA:67,0
DA:68,0
DA:70,0
DA:71,0
DA:73,0
DA:74,0
DA:75,0
DA:78,0
DA:79,0
DA:80,0
DA:85,2
DA:86,2
DA:87,2
DA:91,2
DA:92,2
DA:99,19
DA:105,19
LF:41
LH:19
BRDA:70,0,0,0
BRDA:70,0,1,0
BRF:2
BRH:0
end_of_record
TN:
SF:D:\Projects and labs\img-editor-cw\ai-image-editor\web\vue-spa\src\components\FiltersList.vue
FN:27,(anonymous_1)
FN:31,(anonymous_2)
FNF:2
FNH:1
FNDA:3,(anonymous_1)
FNDA:0,(anonymous_2)
DA:21,3
DA:27,3
DA:32,0
LF:3
LH:2
BRF:0
BRH:0
end_of_record
TN:
SF:D:\Projects and labs\img-editor-cw\ai-image-editor\web\vue-spa\src\components\Footer.vue
FN:43,(anonymous_1)
FN:53,(anonymous_2)
FN:58,(anonymous_3)
FN:69,(anonymous_4)
FN:72,(anonymous_5)
FN:76,(anonymous_6)
FN:80,(anonymous_7)
FN:88,(anonymous_8)
FN:93,(anonymous_9)
FN:133,(anonymous_12)
FN:134,(anonymous_13)
FN:181,(anonymous_15)
FNF:12
FNH:6
FNDA:4,(anonymous_1)
FNDA:1,(anonymous_2)
FNDA:1,(anonymous_3)
FNDA:0,(anonymous_4)
FNDA:0,(anonymous_5)
FNDA:1,(anonymous_6)
FNDA:0,(anonymous_7)
FNDA:2,(anonymous_8)
FNDA:0,(anonymous_9)
FNDA:0,(anonymous_12)
FNDA:0,(anonymous_13)
FNDA:4,(anonymous_15)
DA:34,2
DA:35,2
DA:36,2
DA:43,4
DA:54,1
DA:55,1
DA:56,1
DA:59,1
DA:60,1
DA:61,1
DA:62,1
DA:63,0
DA:65,0
DA:66,0
DA:70,0
DA:73,0
DA:74,0
DA:77,1
DA:79,1
DA:80,1
DA:81,0
DA:82,0
DA:83,0
DA:85,1
DA:86,1
DA:88,1
DA:91,1
DA:92,1
DA:93,1
DA:96,0
DA:100,0
DA:101,0
DA:102,0
DA:103,0
DA:104,0
DA:105,0
DA:106,0
DA:107,0
DA:108,0
DA:109,0
DA:111,0
DA:113,0
DA:119,0
DA:120,0
DA:125,1
DA:126,1
DA:128,1
DA:130,1
DA:134,0
DA:137,0
DA:141,0
DA:182,4
LF:52
LH:25
BRDA:62,0,0,0
BRDA:62,0,1,1
BRDA:62,1,0,1
BRDA:62,1,1,0
BRDA:62,1,2,1
BRDA:62,1,3,0
BRDA:85,2,0,1
BRDA:85,2,1,0
BRDA:96,3,0,0
BRDA:96,3,1,0
BRDA:96,4,0,0
BRDA:96,4,1,0
BRDA:96,4,2,0
BRDA:96,4,3,0
BRDA:96,4,4,0
BRDA:96,4,5,0
BRDA:96,4,6,0
BRF:17
BRH:4
end_of_record
TN:
SF:D:\Projects and labs\img-editor-cw\ai-image-editor\web\vue-spa\src\components\Header.vue
FN:15,(anonymous_1)
FNF:1
FNH:1
FNDA:1,(anonymous_1)
DA:15,1
LF:1
LH:1
BRF:0
BRH:0
end_of_record
TN:
SF:D:\Projects and labs\img-editor-cw\ai-image-editor\web\vue-spa\src\components\InfoPicture.vue
FN:21,(anonymous_1)
FN:27,(anonymous_2)
FN:33,(anonymous_3)
FN:36,(anonymous_4)
FNF:4
FNH:3
FNDA:1,(anonymous_1)
FNDA:0,(anonymous_2)
FNDA:1,(anonymous_3)
FNDA:1,(anonymous_4)
DA:15,2
DA:21,1
DA:28,0
DA:34,1
DA:37,1
LF:5
LH:4
BRF:0
BRH:0
end_of_record
TN:
SF:D:\Projects and labs\img-editor-cw\ai-image-editor\web\vue-spa\src\components\PictureItem.vue
FN:12,(anonymous_1)
FN:21,(anonymous_2)
FNF:2
FNH:2
FNDA:1,(anonymous_1)
FNDA:1,(anonymous_2)
DA:8,2
DA:12,1
DA:22,1
LF:3
LH:3
BRF:0
BRH:0
end_of_record
